Command line invocation:
    /Applications/Xcode.app/Contents/Developer/usr/bin/xcodebuild -project /Users/woonlee/Desktop/Phlock/phlock-dev/apps/ios/phlock/phlock.xcodeproj -scheme phlock -destination "platform=iOS Simulator,name=iPhone 17 Pro" build

Resolve Package Graph


Resolved source packages:
  xctest-dynamic-overlay: https://github.com/pointfreeco/xctest-dynamic-overlay @ 1.7.0
  swift-http-types: https://github.com/apple/swift-http-types.git @ 1.5.1
  Promises: https://github.com/google/promises.git @ 2.4.0
  GoogleSignIn: https://github.com/google/GoogleSignIn-iOS @ 9.0.0
  Supabase: https://github.com/supabase/supabase-swift @ 2.36.0
  KeychainAccess: https://github.com/kishikawakatsumi/KeychainAccess @ master (e0c7eeb)
  AppCheck: https://github.com/google/app-check.git @ 11.2.0
  GoogleUtilities: https://github.com/google/GoogleUtilities.git @ 8.1.0
  AppAuth: https://github.com/openid/AppAuth-iOS.git @ 2.0.0
  swift-clocks: https://github.com/pointfreeco/swift-clocks @ 1.0.6
  swift-crypto: https://github.com/apple/swift-crypto.git @ 4.0.0
  swift-asn1: https://github.com/apple/swift-asn1.git @ 1.5.0
  Lottie: https://github.com/airbnb/lottie-spm.git @ 4.5.2
  GTMAppAuth: https://github.com/google/GTMAppAuth.git @ 5.0.0
  swift-concurrency-extras: https://github.com/pointfreeco/swift-concurrency-extras @ 1.3.2
  GTMSessionFetcher: https://github.com/google/gtm-session-fetcher.git @ 3.5.0

2025-11-29 04:20:12.282 xcodebuild[57411:6911624] [MT] IDERunDestination: Supported platforms for the buildables in the current scheme is empty.
ComputePackagePrebuildTargetDependencyGraph

Prepare packages

CreateBuildRequest

SendProjectDescription

CreateBuildOperation

ComputeTargetDependencyGraph
note: Building targets in dependency order
note: Target dependency graph (63 targets)
    Target 'phlock' in project 'phlock'
        ➜ Explicit dependency on target 'Supabase' in project 'Supabase'
        ➜ Explicit dependency on target 'Lottie' in project 'Lottie'
        ➜ Explicit dependency on target 'Storage' in project 'Supabase'
        ➜ Explicit dependency on target 'KeychainAccess' in project 'KeychainAccess'
        ➜ Explicit dependency on target 'Realtime' in project 'Supabase'
        ➜ Explicit dependency on target 'PostgREST' in project 'Supabase'
        ➜ Explicit dependency on target 'Auth' in project 'Supabase'
        ➜ Explicit dependency on target 'GoogleSignIn' in project 'GoogleSignIn'
        ➜ Explicit dependency on target 'GoogleSignInSwift' in project 'GoogleSignIn'
    Target 'GoogleSignInSwift' in project 'GoogleSignIn'
        ➜ Explicit dependency on target 'GoogleSignInSwift' in project 'GoogleSignIn'
        ➜ Explicit dependency on target 'GoogleSignIn_GoogleSignInSwift' in project 'GoogleSignIn'
        ➜ Explicit dependency on target 'GoogleSignIn' in project 'GoogleSignIn'
        ➜ Explicit dependency on target 'AppAuth' in project 'AppAuth'
        ➜ Explicit dependency on target 'AppAuthCore' in project 'AppAuth'
        ➜ Explicit dependency on target 'AppCheckCore' in project 'AppCheck'
        ➜ Explicit dependency on target 'GTMAppAuth' in project 'GTMAppAuth'
        ➜ Explicit dependency on target 'GTMSessionFetcherCore' in project 'GTMSessionFetcher'
    Target 'GoogleSignInSwift' in project 'GoogleSignIn'
        ➜ Explicit dependency on target 'GoogleSignIn_GoogleSignInSwift' in project 'GoogleSignIn'
        ➜ Explicit dependency on target 'GoogleSignIn' in project 'GoogleSignIn'
        ➜ Explicit dependency on target 'AppAuth' in project 'AppAuth'
        ➜ Explicit dependency on target 'AppAuthCore' in project 'AppAuth'
        ➜ Explicit dependency on target 'AppCheckCore' in project 'AppCheck'
        ➜ Explicit dependency on target 'GTMAppAuth' in project 'GTMAppAuth'
        ➜ Explicit dependency on target 'GTMSessionFetcherCore' in project 'GTMSessionFetcher'
    Target 'GoogleSignIn_GoogleSignInSwift' in project 'GoogleSignIn' (no dependencies)
    Target 'GoogleSignIn' in project 'GoogleSignIn'
        ➜ Explicit dependency on target 'GoogleSignIn' in project 'GoogleSignIn'
        ➜ Explicit dependency on target 'GoogleSignIn_GoogleSignIn' in project 'GoogleSignIn'
        ➜ Explicit dependency on target 'AppAuth' in project 'AppAuth'
        ➜ Explicit dependency on target 'AppAuthCore' in project 'AppAuth'
        ➜ Explicit dependency on target 'AppCheckCore' in project 'AppCheck'
        ➜ Explicit dependency on target 'GTMAppAuth' in project 'GTMAppAuth'
        ➜ Explicit dependency on target 'GTMSessionFetcherCore' in project 'GTMSessionFetcher'
    Target 'GoogleSignIn' in project 'GoogleSignIn'
        ➜ Explicit dependency on target 'GoogleSignIn_GoogleSignIn' in project 'GoogleSignIn'
        ➜ Explicit dependency on target 'AppAuth' in project 'AppAuth'
        ➜ Explicit dependency on target 'AppAuthCore' in project 'AppAuth'
        ➜ Explicit dependency on target 'AppCheckCore' in project 'AppCheck'
        ➜ Explicit dependency on target 'GTMAppAuth' in project 'GTMAppAuth'
        ➜ Explicit dependency on target 'GTMSessionFetcherCore' in project 'GTMSessionFetcher'
    Target 'GTMAppAuth' in project 'GTMAppAuth'
        ➜ Explicit dependency on target 'GTMAppAuth' in project 'GTMAppAuth'
        ➜ Explicit dependency on target 'GTMAppAuth_GTMAppAuth' in project 'GTMAppAuth'
        ➜ Explicit dependency on target 'GTMSessionFetcherCore' in project 'GTMSessionFetcher'
        ➜ Explicit dependency on target 'AppAuthCore' in project 'AppAuth'
    Target 'GTMAppAuth' in project 'GTMAppAuth'
        ➜ Explicit dependency on target 'GTMAppAuth_GTMAppAuth' in project 'GTMAppAuth'
        ➜ Explicit dependency on target 'GTMSessionFetcherCore' in project 'GTMSessionFetcher'
        ➜ Explicit dependency on target 'AppAuthCore' in project 'AppAuth'
    Target 'GTMSessionFetcherCore' in project 'GTMSessionFetcher'
        ➜ Explicit dependency on target 'GTMSessionFetcherCore' in project 'GTMSessionFetcher'
        ➜ Explicit dependency on target 'GTMSessionFetcher_GTMSessionFetcherCore' in project 'GTMSessionFetcher'
    Target 'GTMSessionFetcherCore' in project 'GTMSessionFetcher'
        ➜ Explicit dependency on target 'GTMSessionFetcher_GTMSessionFetcherCore' in project 'GTMSessionFetcher'
    Target 'GTMSessionFetcher_GTMSessionFetcherCore' in project 'GTMSessionFetcher' (no dependencies)
    Target 'GTMAppAuth_GTMAppAuth' in project 'GTMAppAuth' (no dependencies)
    Target 'AppCheckCore' in project 'AppCheck'
        ➜ Explicit dependency on target 'AppCheckCore' in project 'AppCheck'
        ➜ Explicit dependency on target 'FBLPromises' in project 'Promises'
        ➜ Explicit dependency on target 'GULEnvironment' in project 'GoogleUtilities'
        ➜ Explicit dependency on target 'GULUserDefaults' in project 'GoogleUtilities'
    Target 'AppCheckCore' in project 'AppCheck'
        ➜ Explicit dependency on target 'FBLPromises' in project 'Promises'
        ➜ Explicit dependency on target 'GULEnvironment' in project 'GoogleUtilities'
        ➜ Explicit dependency on target 'GULUserDefaults' in project 'GoogleUtilities'
    Target 'GULUserDefaults' in project 'GoogleUtilities'
        ➜ Explicit dependency on target 'GoogleUtilities-UserDefaults' in project 'GoogleUtilities'
        ➜ Explicit dependency on target 'GoogleUtilities_GoogleUtilities-UserDefaults' in project 'GoogleUtilities'
        ➜ Explicit dependency on target 'third-party-IsAppEncrypted' in project 'GoogleUtilities'
        ➜ Explicit dependency on target 'GoogleUtilities-Environment' in project 'GoogleUtilities'
        ➜ Explicit dependency on target 'GoogleUtilities-Logger' in project 'GoogleUtilities'
    Target 'GoogleUtilities-UserDefaults' in project 'GoogleUtilities'
        ➜ Explicit dependency on target 'GoogleUtilities_GoogleUtilities-UserDefaults' in project 'GoogleUtilities'
        ➜ Explicit dependency on target 'third-party-IsAppEncrypted' in project 'GoogleUtilities'
        ➜ Explicit dependency on target 'GoogleUtilities-Environment' in project 'GoogleUtilities'
        ➜ Explicit dependency on target 'GoogleUtilities-Logger' in project 'GoogleUtilities'
    Target 'GoogleUtilities-Logger' in project 'GoogleUtilities'
        ➜ Explicit dependency on target 'GoogleUtilities_GoogleUtilities-Logger' in project 'GoogleUtilities'
        ➜ Explicit dependency on target 'third-party-IsAppEncrypted' in project 'GoogleUtilities'
        ➜ Explicit dependency on target 'GoogleUtilities-Environment' in project 'GoogleUtilities'
    Target 'GoogleUtilities_GoogleUtilities-Logger' in project 'GoogleUtilities' (no dependencies)
    Target 'GoogleUtilities_GoogleUtilities-UserDefaults' in project 'GoogleUtilities' (no dependencies)
    Target 'GULEnvironment' in project 'GoogleUtilities'
        ➜ Explicit dependency on target 'GoogleUtilities-Environment' in project 'GoogleUtilities'
        ➜ Explicit dependency on target 'GoogleUtilities_GoogleUtilities-Environment' in project 'GoogleUtilities'
        ➜ Explicit dependency on target 'third-party-IsAppEncrypted' in project 'GoogleUtilities'
    Target 'GoogleUtilities-Environment' in project 'GoogleUtilities'
        ➜ Explicit dependency on target 'GoogleUtilities_GoogleUtilities-Environment' in project 'GoogleUtilities'
        ➜ Explicit dependency on target 'third-party-IsAppEncrypted' in project 'GoogleUtilities'
    Target 'third-party-IsAppEncrypted' in project 'GoogleUtilities' (no dependencies)
    Target 'GoogleUtilities_GoogleUtilities-Environment' in project 'GoogleUtilities' (no dependencies)
    Target 'FBLPromises' in project 'Promises'
        ➜ Explicit dependency on target 'FBLPromises' in project 'Promises'
        ➜ Explicit dependency on target 'Promises_FBLPromises' in project 'Promises'
    Target 'FBLPromises' in project 'Promises'
        ➜ Explicit dependency on target 'Promises_FBLPromises' in project 'Promises'
    Target 'Promises_FBLPromises' in project 'Promises' (no dependencies)
    Target 'AppAuthCore' in project 'AppAuth'
        ➜ Explicit dependency on target 'AppAuthCore' in project 'AppAuth'
        ➜ Explicit dependency on target 'AppAuth_AppAuthCore' in project 'AppAuth'
    Target 'AppAuth' in project 'AppAuth'
        ➜ Explicit dependency on target 'AppAuth' in project 'AppAuth'
        ➜ Explicit dependency on target 'AppAuth_AppAuth' in project 'AppAuth'
        ➜ Explicit dependency on target 'AppAuthCore' in project 'AppAuth'
    Target 'AppAuth' in project 'AppAuth'
        ➜ Explicit dependency on target 'AppAuth_AppAuth' in project 'AppAuth'
        ➜ Explicit dependency on target 'AppAuthCore' in project 'AppAuth'
    Target 'AppAuthCore' in project 'AppAuth'
        ➜ Explicit dependency on target 'AppAuth_AppAuthCore' in project 'AppAuth'
    Target 'AppAuth_AppAuthCore' in project 'AppAuth' (no dependencies)
    Target 'AppAuth_AppAuth' in project 'AppAuth' (no dependencies)
    Target 'GoogleSignIn_GoogleSignIn' in project 'GoogleSignIn' (no dependencies)
    Target 'Auth' in project 'Supabase'
        ➜ Explicit dependency on target 'Auth' in project 'Supabase'
        ➜ Explicit dependency on target 'Helpers' in project 'Supabase'
        ➜ Explicit dependency on target 'ConcurrencyExtras' in project 'swift-concurrency-extras'
        ➜ Explicit dependency on target 'HTTPTypes' in project 'swift-http-types'
        ➜ Explicit dependency on target 'Clocks' in project 'swift-clocks'
        ➜ Explicit dependency on target 'XCTestDynamicOverlay' in project 'xctest-dynamic-overlay'
        ➜ Explicit dependency on target 'Crypto' in project 'swift-crypto'
    Target 'PostgREST' in project 'Supabase'
        ➜ Explicit dependency on target 'PostgREST' in project 'Supabase'
        ➜ Explicit dependency on target 'Helpers' in project 'Supabase'
        ➜ Explicit dependency on target 'ConcurrencyExtras' in project 'swift-concurrency-extras'
        ➜ Explicit dependency on target 'HTTPTypes' in project 'swift-http-types'
        ➜ Explicit dependency on target 'Clocks' in project 'swift-clocks'
        ➜ Explicit dependency on target 'XCTestDynamicOverlay' in project 'xctest-dynamic-overlay'
    Target 'Realtime' in project 'Supabase'
        ➜ Explicit dependency on target 'Realtime' in project 'Supabase'
        ➜ Explicit dependency on target 'Helpers' in project 'Supabase'
        ➜ Explicit dependency on target 'ConcurrencyExtras' in project 'swift-concurrency-extras'
        ➜ Explicit dependency on target 'HTTPTypes' in project 'swift-http-types'
        ➜ Explicit dependency on target 'Clocks' in project 'swift-clocks'
        ➜ Explicit dependency on target 'XCTestDynamicOverlay' in project 'xctest-dynamic-overlay'
        ➜ Explicit dependency on target 'IssueReporting' in project 'xctest-dynamic-overlay'
    Target 'KeychainAccess' in project 'KeychainAccess'
        ➜ Explicit dependency on target 'KeychainAccess' in project 'KeychainAccess'
    Target 'KeychainAccess' in project 'KeychainAccess' (no dependencies)
    Target 'Storage' in project 'Supabase'
        ➜ Explicit dependency on target 'Storage' in project 'Supabase'
        ➜ Explicit dependency on target 'Helpers' in project 'Supabase'
        ➜ Explicit dependency on target 'ConcurrencyExtras' in project 'swift-concurrency-extras'
        ➜ Explicit dependency on target 'HTTPTypes' in project 'swift-http-types'
        ➜ Explicit dependency on target 'Clocks' in project 'swift-clocks'
        ➜ Explicit dependency on target 'XCTestDynamicOverlay' in project 'xctest-dynamic-overlay'
    Target 'Lottie' in project 'Lottie'
        ➜ Explicit dependency on target '_LottieStub' in project 'Lottie'
    Target '_LottieStub' in project 'Lottie' (no dependencies)
    Target 'Supabase' in project 'Supabase'
        ➜ Explicit dependency on target 'Supabase' in project 'Supabase'
        ➜ Explicit dependency on target 'Functions' in project 'Supabase'
        ➜ Explicit dependency on target 'PostgREST' in project 'Supabase'
        ➜ Explicit dependency on target 'Auth' in project 'Supabase'
        ➜ Explicit dependency on target 'Realtime' in project 'Supabase'
        ➜ Explicit dependency on target 'Storage' in project 'Supabase'
        ➜ Explicit dependency on target 'Helpers' in project 'Supabase'
        ➜ Explicit dependency on target 'ConcurrencyExtras' in project 'swift-concurrency-extras'
        ➜ Explicit dependency on target 'HTTPTypes' in project 'swift-http-types'
        ➜ Explicit dependency on target 'Clocks' in project 'swift-clocks'
        ➜ Explicit dependency on target 'XCTestDynamicOverlay' in project 'xctest-dynamic-overlay'
        ➜ Explicit dependency on target 'Crypto' in project 'swift-crypto'
        ➜ Explicit dependency on target 'IssueReporting' in project 'xctest-dynamic-overlay'
    Target 'Supabase' in project 'Supabase'
        ➜ Explicit dependency on target 'Helpers' in project 'Supabase'
        ➜ Explicit dependency on target 'Auth' in project 'Supabase'
        ➜ Explicit dependency on target 'Functions' in project 'Supabase'
        ➜ Explicit dependency on target 'PostgREST' in project 'Supabase'
        ➜ Explicit dependency on target 'Realtime' in project 'Supabase'
        ➜ Explicit dependency on target 'Storage' in project 'Supabase'
        ➜ Explicit dependency on target 'ConcurrencyExtras' in project 'swift-concurrency-extras'
        ➜ Explicit dependency on target 'HTTPTypes' in project 'swift-http-types'
        ➜ Explicit dependency on target 'Clocks' in project 'swift-clocks'
        ➜ Explicit dependency on target 'XCTestDynamicOverlay' in project 'xctest-dynamic-overlay'
        ➜ Explicit dependency on target 'Crypto' in project 'swift-crypto'
        ➜ Explicit dependency on target 'IssueReporting' in project 'xctest-dynamic-overlay'
    Target 'Storage' in project 'Supabase'
        ➜ Explicit dependency on target 'Helpers' in project 'Supabase'
        ➜ Explicit dependency on target 'ConcurrencyExtras' in project 'swift-concurrency-extras'
        ➜ Explicit dependency on target 'HTTPTypes' in project 'swift-http-types'
        ➜ Explicit dependency on target 'Clocks' in project 'swift-clocks'
        ➜ Explicit dependency on target 'XCTestDynamicOverlay' in project 'xctest-dynamic-overlay'
    Target 'Realtime' in project 'Supabase'
        ➜ Explicit dependency on target 'Helpers' in project 'Supabase'
        ➜ Explicit dependency on target 'ConcurrencyExtras' in project 'swift-concurrency-extras'
        ➜ Explicit dependency on target 'HTTPTypes' in project 'swift-http-types'
        ➜ Explicit dependency on target 'Clocks' in project 'swift-clocks'
        ➜ Explicit dependency on target 'XCTestDynamicOverlay' in project 'xctest-dynamic-overlay'
        ➜ Explicit dependency on target 'IssueReporting' in project 'xctest-dynamic-overlay'
    Target 'PostgREST' in project 'Supabase'
        ➜ Explicit dependency on target 'Helpers' in project 'Supabase'
        ➜ Explicit dependency on target 'ConcurrencyExtras' in project 'swift-concurrency-extras'
        ➜ Explicit dependency on target 'HTTPTypes' in project 'swift-http-types'
        ➜ Explicit dependency on target 'Clocks' in project 'swift-clocks'
        ➜ Explicit dependency on target 'XCTestDynamicOverlay' in project 'xctest-dynamic-overlay'
    Target 'Functions' in project 'Supabase'
        ➜ Explicit dependency on target 'Helpers' in project 'Supabase'
        ➜ Explicit dependency on target 'ConcurrencyExtras' in project 'swift-concurrency-extras'
        ➜ Explicit dependency on target 'HTTPTypes' in project 'swift-http-types'
        ➜ Explicit dependency on target 'Clocks' in project 'swift-clocks'
        ➜ Explicit dependency on target 'XCTestDynamicOverlay' in project 'xctest-dynamic-overlay'
    Target 'Auth' in project 'Supabase'
        ➜ Explicit dependency on target 'Helpers' in project 'Supabase'
        ➜ Explicit dependency on target 'ConcurrencyExtras' in project 'swift-concurrency-extras'
        ➜ Explicit dependency on target 'HTTPTypes' in project 'swift-http-types'
        ➜ Explicit dependency on target 'Clocks' in project 'swift-clocks'
        ➜ Explicit dependency on target 'XCTestDynamicOverlay' in project 'xctest-dynamic-overlay'
        ➜ Explicit dependency on target 'Crypto' in project 'swift-crypto'
    Target 'Crypto' in project 'swift-crypto'
        ➜ Explicit dependency on target 'Crypto' in project 'swift-crypto'
        ➜ Explicit dependency on target 'swift-crypto_Crypto' in project 'swift-crypto'
    Target 'Crypto' in project 'swift-crypto'
        ➜ Explicit dependency on target 'swift-crypto_Crypto' in project 'swift-crypto'
    Target 'swift-crypto_Crypto' in project 'swift-crypto' (no dependencies)
    Target 'Helpers' in project 'Supabase'
        ➜ Explicit dependency on target 'ConcurrencyExtras' in project 'swift-concurrency-extras'
        ➜ Explicit dependency on target 'HTTPTypes' in project 'swift-http-types'
        ➜ Explicit dependency on target 'Clocks' in project 'swift-clocks'
        ➜ Explicit dependency on target 'XCTestDynamicOverlay' in project 'xctest-dynamic-overlay'
    Target 'XCTestDynamicOverlay' in project 'xctest-dynamic-overlay'
        ➜ Explicit dependency on target 'XCTestDynamicOverlay' in project 'xctest-dynamic-overlay'
        ➜ Explicit dependency on target 'IssueReportingPackageSupport' in project 'xctest-dynamic-overlay'
        ➜ Explicit dependency on target 'IssueReporting' in project 'xctest-dynamic-overlay'
    Target 'XCTestDynamicOverlay' in project 'xctest-dynamic-overlay'
        ➜ Explicit dependency on target 'IssueReportingPackageSupport' in project 'xctest-dynamic-overlay'
        ➜ Explicit dependency on target 'IssueReporting' in project 'xctest-dynamic-overlay'
    Target 'Clocks' in project 'swift-clocks'
        ➜ Explicit dependency on target 'Clocks' in project 'swift-clocks'
        ➜ Explicit dependency on target 'ConcurrencyExtras' in project 'swift-concurrency-extras'
        ➜ Explicit dependency on target 'IssueReporting' in project 'xctest-dynamic-overlay'
    Target 'Clocks' in project 'swift-clocks'
        ➜ Explicit dependency on target 'ConcurrencyExtras' in project 'swift-concurrency-extras'
        ➜ Explicit dependency on target 'IssueReporting' in project 'xctest-dynamic-overlay'
    Target 'IssueReporting' in project 'xctest-dynamic-overlay'
        ➜ Explicit dependency on target 'IssueReporting' in project 'xctest-dynamic-overlay'
        ➜ Explicit dependency on target 'IssueReportingPackageSupport' in project 'xctest-dynamic-overlay'
    Target 'IssueReporting' in project 'xctest-dynamic-overlay'
        ➜ Explicit dependency on target 'IssueReportingPackageSupport' in project 'xctest-dynamic-overlay'
    Target 'IssueReportingPackageSupport' in project 'xctest-dynamic-overlay' (no dependencies)
    Target 'HTTPTypes' in project 'swift-http-types'
        ➜ Explicit dependency on target 'HTTPTypes' in project 'swift-http-types'
    Target 'HTTPTypes' in project 'swift-http-types' (no dependencies)
    Target 'ConcurrencyExtras' in project 'swift-concurrency-extras'
        ➜ Explicit dependency on target 'ConcurrencyExtras' in project 'swift-concurrency-extras'
    Target 'ConcurrencyExtras' in project 'swift-concurrency-extras' (no dependencies)

GatherProvisioningInputs

CreateBuildDescription

ExecuteExternalTool /Applications/Xcode.app/Contents/Developer/Toolchains/XcodeDefault.xctoolchain/usr/bin/swiftc --version

ExecuteExternalTool /Applications/Xcode.app/Contents/Developer/Toolchains/XcodeDefault.xctoolchain/usr/bin/clang -v -E -dM -arch arm64 -isysroot /Applications/Xcode.app/Contents/Developer/Platforms/iPhoneSimulator.platform/Developer/SDKs/iPhoneSimulator26.0.sdk -x objective-c -c /dev/null

ExecuteExternalTool /Applications/Xcode.app/Contents/Developer/Toolchains/XcodeDefault.xctoolchain/usr/bin/clang -v -E -dM -isysroot /Applications/Xcode.app/Contents/Developer/Platforms/iPhoneSimulator.platform/Developer/SDKs/iPhoneSimulator26.0.sdk -x c -c /dev/null

ExecuteExternalTool /Applications/Xcode.app/Contents/Developer/usr/bin/actool --print-asset-tag-combinations --output-format xml1 /Users/woonlee/Desktop/Phlock/phlock-dev/apps/ios/phlock/phlock/Assets.xcassets

ExecuteExternalTool /Applications/Xcode.app/Contents/Developer/Toolchains/XcodeDefault.xctoolchain/usr/bin/clang -v -E -dM -arch arm64 -isysroot /Applications/Xcode.app/Contents/Developer/Platforms/iPhoneSimulator.platform/Developer/SDKs/iPhoneSimulator26.0.sdk -x c -c /dev/null

ExecuteExternalTool /Applications/Xcode.app/Contents/Developer/Toolchains/XcodeDefault.xctoolchain/usr/bin/ld -version_details

ReadFileContents /Applications/Xcode.app/Contents/Developer/Toolchains/XcodeDefault.xctoolchain/usr/share/docc/features.json

ExecuteExternalTool /Applications/Xcode.app/Contents/Developer/usr/bin/actool --version --output-format xml1

Build description signature: fd9d3c08ea312619718b9e5d720e96f4
Build description path: /Users/woonlee/Library/Developer/Xcode/DerivedData/phlock-cpinjyttjlysqxbujxukctiouojg/Build/Intermediates.noindex/XCBuildData/fd9d3c08ea312619718b9e5d720e96f4.xcbuilddata
ClangStatCache /Applications/Xcode.app/Contents/Developer/Toolchains/XcodeDefault.xctoolchain/usr/bin/clang-stat-cache /Applications/Xcode.app/Contents/Developer/Platforms/iPhoneSimulator.platform/Developer/SDKs/iPhoneSimulator26.0.sdk /Users/woonlee/Library/Developer/Xcode/DerivedData/SDKStatCaches.noindex/iphonesimulator26.0-23A339-26257891a6c027eb51374368541b8346.sdkstatcache
    cd /Users/woonlee/Desktop/Phlock/phlock-dev/apps/ios/phlock/phlock.xcodeproj
    /Applications/Xcode.app/Contents/Developer/Toolchains/XcodeDefault.xctoolchain/usr/bin/clang-stat-cache /Applications/Xcode.app/Contents/Developer/Platforms/iPhoneSimulator.platform/Developer/SDKs/iPhoneSimulator26.0.sdk -o /Users/woonlee/Library/Developer/Xcode/DerivedData/SDKStatCaches.noindex/iphonesimulator26.0-23A339-26257891a6c027eb51374368541b8346.sdkstatcache

ProcessInfoPlistFile /Users/woonlee/Library/Developer/Xcode/DerivedData/phlock-cpinjyttjlysqxbujxukctiouojg/Build/Products/Debug-iphonesimulator/swift-crypto_Crypto.bundle/Info.plist /Users/woonlee/Library/Developer/Xcode/DerivedData/phlock-cpinjyttjlysqxbujxukctiouojg/Build/Intermediates.noindex/swift-crypto.build/Debug-iphonesimulator/swift-crypto_Crypto.build/empty-swift-crypto_Crypto.plist (in target 'swift-crypto_Crypto' from project 'swift-crypto')
    cd /Users/woonlee/Library/Developer/Xcode/DerivedData/phlock-cpinjyttjlysqxbujxukctiouojg/SourcePackages/checkouts/swift-crypto
    builtin-infoPlistUtility /Users/woonlee/Library/Developer/Xcode/DerivedData/phlock-cpinjyttjlysqxbujxukctiouojg/Build/Intermediates.noindex/swift-crypto.build/Debug-iphonesimulator/swift-crypto_Crypto.build/empty-swift-crypto_Crypto.plist -producttype com.apple.product-type.bundle -expandbuildsettings -format binary -platform iphonesimulator -o /Users/woonlee/Library/Developer/Xcode/DerivedData/phlock-cpinjyttjlysqxbujxukctiouojg/Build/Products/Debug-iphonesimulator/swift-crypto_Crypto.bundle/Info.plist

ProcessInfoPlistFile /Users/woonlee/Library/Developer/Xcode/DerivedData/phlock-cpinjyttjlysqxbujxukctiouojg/Build/Products/Debug-iphonesimulator/Promises_FBLPromises.bundle/Info.plist /Users/woonlee/Library/Developer/Xcode/DerivedData/phlock-cpinjyttjlysqxbujxukctiouojg/Build/Intermediates.noindex/Promises.build/Debug-iphonesimulator/Promises_FBLPromises.build/empty-Promises_FBLPromises.plist (in target 'Promises_FBLPromises' from project 'Promises')
    cd /Users/woonlee/Library/Developer/Xcode/DerivedData/phlock-cpinjyttjlysqxbujxukctiouojg/SourcePackages/checkouts/promises
    builtin-infoPlistUtility /Users/woonlee/Library/Developer/Xcode/DerivedData/phlock-cpinjyttjlysqxbujxukctiouojg/Build/Intermediates.noindex/Promises.build/Debug-iphonesimulator/Promises_FBLPromises.build/empty-Promises_FBLPromises.plist -producttype com.apple.product-type.bundle -expandbuildsettings -format binary -platform iphonesimulator -o /Users/woonlee/Library/Developer/Xcode/DerivedData/phlock-cpinjyttjlysqxbujxukctiouojg/Build/Products/Debug-iphonesimulator/Promises_FBLPromises.bundle/Info.plist

ProcessInfoPlistFile /Users/woonlee/Library/Developer/Xcode/DerivedData/phlock-cpinjyttjlysqxbujxukctiouojg/Build/Products/Debug-iphonesimulator/GoogleUtilities_GoogleUtilities-Logger.bundle/Info.plist /Users/woonlee/Library/Developer/Xcode/DerivedData/phlock-cpinjyttjlysqxbujxukctiouojg/Build/Intermediates.noindex/GoogleUtilities.build/Debug-iphonesimulator/GoogleUtilities_GoogleUtilities-Logger.build/empty-GoogleUtilities_GoogleUtilities-Logger.plist (in target 'GoogleUtilities_GoogleUtilities-Logger' from project 'GoogleUtilities')
    cd /Users/woonlee/Library/Developer/Xcode/DerivedData/phlock-cpinjyttjlysqxbujxukctiouojg/SourcePackages/checkouts/GoogleUtilities
    builtin-infoPlistUtility /Users/woonlee/Library/Developer/Xcode/DerivedData/phlock-cpinjyttjlysqxbujxukctiouojg/Build/Intermediates.noindex/GoogleUtilities.build/Debug-iphonesimulator/GoogleUtilities_GoogleUtilities-Logger.build/empty-GoogleUtilities_GoogleUtilities-Logger.plist -producttype com.apple.product-type.bundle -expandbuildsettings -format binary -platform iphonesimulator -o /Users/woonlee/Library/Developer/Xcode/DerivedData/phlock-cpinjyttjlysqxbujxukctiouojg/Build/Products/Debug-iphonesimulator/GoogleUtilities_GoogleUtilities-Logger.bundle/Info.plist

ProcessInfoPlistFile /Users/woonlee/Library/Developer/Xcode/DerivedData/phlock-cpinjyttjlysqxbujxukctiouojg/Build/Products/Debug-iphonesimulator/GoogleUtilities_GoogleUtilities-UserDefaults.bundle/Info.plist /Users/woonlee/Library/Developer/Xcode/DerivedData/phlock-cpinjyttjlysqxbujxukctiouojg/Build/Intermediates.noindex/GoogleUtilities.build/Debug-iphonesimulator/GoogleUtilities_GoogleUtilities-UserDefaults.build/empty-GoogleUtilities_GoogleUtilities-UserDefaults.plist (in target 'GoogleUtilities_GoogleUtilities-UserDefaults' from project 'GoogleUtilities')
    cd /Users/woonlee/Library/Developer/Xcode/DerivedData/phlock-cpinjyttjlysqxbujxukctiouojg/SourcePackages/checkouts/GoogleUtilities
    builtin-infoPlistUtility /Users/woonlee/Library/Developer/Xcode/DerivedData/phlock-cpinjyttjlysqxbujxukctiouojg/Build/Intermediates.noindex/GoogleUtilities.build/Debug-iphonesimulator/GoogleUtilities_GoogleUtilities-UserDefaults.build/empty-GoogleUtilities_GoogleUtilities-UserDefaults.plist -producttype com.apple.product-type.bundle -expandbuildsettings -format binary -platform iphonesimulator -o /Users/woonlee/Library/Developer/Xcode/DerivedData/phlock-cpinjyttjlysqxbujxukctiouojg/Build/Products/Debug-iphonesimulator/GoogleUtilities_GoogleUtilities-UserDefaults.bundle/Info.plist

ProcessInfoPlistFile /Users/woonlee/Library/Developer/Xcode/DerivedData/phlock-cpinjyttjlysqxbujxukctiouojg/Build/Products/Debug-iphonesimulator/GoogleUtilities_GoogleUtilities-Environment.bundle/Info.plist /Users/woonlee/Library/Developer/Xcode/DerivedData/phlock-cpinjyttjlysqxbujxukctiouojg/Build/Intermediates.noindex/GoogleUtilities.build/Debug-iphonesimulator/GoogleUtilities_GoogleUtilities-Environment.build/empty-GoogleUtilities_GoogleUtilities-Environment.plist (in target 'GoogleUtilities_GoogleUtilities-Environment' from project 'GoogleUtilities')
    cd /Users/woonlee/Library/Developer/Xcode/DerivedData/phlock-cpinjyttjlysqxbujxukctiouojg/SourcePackages/checkouts/GoogleUtilities
    builtin-infoPlistUtility /Users/woonlee/Library/Developer/Xcode/DerivedData/phlock-cpinjyttjlysqxbujxukctiouojg/Build/Intermediates.noindex/GoogleUtilities.build/Debug-iphonesimulator/GoogleUtilities_GoogleUtilities-Environment.build/empty-GoogleUtilities_GoogleUtilities-Environment.plist -producttype com.apple.product-type.bundle -expandbuildsettings -format binary -platform iphonesimulator -o /Users/woonlee/Library/Developer/Xcode/DerivedData/phlock-cpinjyttjlysqxbujxukctiouojg/Build/Products/Debug-iphonesimulator/GoogleUtilities_GoogleUtilities-Environment.bundle/Info.plist

ProcessInfoPlistFile /Users/woonlee/Library/Developer/Xcode/DerivedData/phlock-cpinjyttjlysqxbujxukctiouojg/Build/Products/Debug-iphonesimulator/GoogleSignIn_GoogleSignInSwift.bundle/Info.plist /Users/woonlee/Library/Developer/Xcode/DerivedData/phlock-cpinjyttjlysqxbujxukctiouojg/Build/Intermediates.noindex/GoogleSignIn.build/Debug-iphonesimulator/GoogleSignIn_GoogleSignInSwift.build/empty-GoogleSignIn_GoogleSignInSwift.plist (in target 'GoogleSignIn_GoogleSignInSwift' from project 'GoogleSignIn')
    cd /Users/woonlee/Library/Developer/Xcode/DerivedData/phlock-cpinjyttjlysqxbujxukctiouojg/SourcePackages/checkouts/GoogleSignIn-iOS
    builtin-infoPlistUtility /Users/woonlee/Library/Developer/Xcode/DerivedData/phlock-cpinjyttjlysqxbujxukctiouojg/Build/Intermediates.noindex/GoogleSignIn.build/Debug-iphonesimulator/GoogleSignIn_GoogleSignInSwift.build/empty-GoogleSignIn_GoogleSignInSwift.plist -producttype com.apple.product-type.bundle -expandbuildsettings -format binary -platform iphonesimulator -o /Users/woonlee/Library/Developer/Xcode/DerivedData/phlock-cpinjyttjlysqxbujxukctiouojg/Build/Products/Debug-iphonesimulator/GoogleSignIn_GoogleSignInSwift.bundle/Info.plist

ProcessInfoPlistFile /Users/woonlee/Library/Developer/Xcode/DerivedData/phlock-cpinjyttjlysqxbujxukctiouojg/Build/Products/Debug-iphonesimulator/GoogleSignIn_GoogleSignIn.bundle/Info.plist /Users/woonlee/Library/Developer/Xcode/DerivedData/phlock-cpinjyttjlysqxbujxukctiouojg/Build/Intermediates.noindex/GoogleSignIn.build/Debug-iphonesimulator/GoogleSignIn_GoogleSignIn.build/empty-GoogleSignIn_GoogleSignIn.plist (in target 'GoogleSignIn_GoogleSignIn' from project 'GoogleSignIn')
    cd /Users/woonlee/Library/Developer/Xcode/DerivedData/phlock-cpinjyttjlysqxbujxukctiouojg/SourcePackages/checkouts/GoogleSignIn-iOS
    builtin-infoPlistUtility /Users/woonlee/Library/Developer/Xcode/DerivedData/phlock-cpinjyttjlysqxbujxukctiouojg/Build/Intermediates.noindex/GoogleSignIn.build/Debug-iphonesimulator/GoogleSignIn_GoogleSignIn.build/empty-GoogleSignIn_GoogleSignIn.plist -producttype com.apple.product-type.bundle -expandbuildsettings -format binary -platform iphonesimulator -o /Users/woonlee/Library/Developer/Xcode/DerivedData/phlock-cpinjyttjlysqxbujxukctiouojg/Build/Products/Debug-iphonesimulator/GoogleSignIn_GoogleSignIn.bundle/Info.plist

ProcessInfoPlistFile /Users/woonlee/Library/Developer/Xcode/DerivedData/phlock-cpinjyttjlysqxbujxukctiouojg/Build/Products/Debug-iphonesimulator/GTMSessionFetcher_GTMSessionFetcherCore.bundle/Info.plist /Users/woonlee/Library/Developer/Xcode/DerivedData/phlock-cpinjyttjlysqxbujxukctiouojg/Build/Intermediates.noindex/GTMSessionFetcher.build/Debug-iphonesimulator/GTMSessionFetcher_GTMSessionFetcherCore.build/empty-GTMSessionFetcher_GTMSessionFetcherCore.plist (in target 'GTMSessionFetcher_GTMSessionFetcherCore' from project 'GTMSessionFetcher')
    cd /Users/woonlee/Library/Developer/Xcode/DerivedData/phlock-cpinjyttjlysqxbujxukctiouojg/SourcePackages/checkouts/gtm-session-fetcher
    builtin-infoPlistUtility /Users/woonlee/Library/Developer/Xcode/DerivedData/phlock-cpinjyttjlysqxbujxukctiouojg/Build/Intermediates.noindex/GTMSessionFetcher.build/Debug-iphonesimulator/GTMSessionFetcher_GTMSessionFetcherCore.build/empty-GTMSessionFetcher_GTMSessionFetcherCore.plist -producttype com.apple.product-type.bundle -expandbuildsettings -format binary -platform iphonesimulator -o /Users/woonlee/Library/Developer/Xcode/DerivedData/phlock-cpinjyttjlysqxbujxukctiouojg/Build/Products/Debug-iphonesimulator/GTMSessionFetcher_GTMSessionFetcherCore.bundle/Info.plist

ProcessInfoPlistFile /Users/woonlee/Library/Developer/Xcode/DerivedData/phlock-cpinjyttjlysqxbujxukctiouojg/Build/Products/Debug-iphonesimulator/GTMAppAuth_GTMAppAuth.bundle/Info.plist /Users/woonlee/Library/Developer/Xcode/DerivedData/phlock-cpinjyttjlysqxbujxukctiouojg/Build/Intermediates.noindex/GTMAppAuth.build/Debug-iphonesimulator/GTMAppAuth_GTMAppAuth.build/empty-GTMAppAuth_GTMAppAuth.plist (in target 'GTMAppAuth_GTMAppAuth' from project 'GTMAppAuth')
    cd /Users/woonlee/Library/Developer/Xcode/DerivedData/phlock-cpinjyttjlysqxbujxukctiouojg/SourcePackages/checkouts/GTMAppAuth
    builtin-infoPlistUtility /Users/woonlee/Library/Developer/Xcode/DerivedData/phlock-cpinjyttjlysqxbujxukctiouojg/Build/Intermediates.noindex/GTMAppAuth.build/Debug-iphonesimulator/GTMAppAuth_GTMAppAuth.build/empty-GTMAppAuth_GTMAppAuth.plist -producttype com.apple.product-type.bundle -expandbuildsettings -format binary -platform iphonesimulator -o /Users/woonlee/Library/Developer/Xcode/DerivedData/phlock-cpinjyttjlysqxbujxukctiouojg/Build/Products/Debug-iphonesimulator/GTMAppAuth_GTMAppAuth.bundle/Info.plist

ProcessInfoPlistFile /Users/woonlee/Library/Developer/Xcode/DerivedData/phlock-cpinjyttjlysqxbujxukctiouojg/Build/Products/Debug-iphonesimulator/AppAuth_AppAuthCore.bundle/Info.plist /Users/woonlee/Library/Developer/Xcode/DerivedData/phlock-cpinjyttjlysqxbujxukctiouojg/Build/Intermediates.noindex/AppAuth.build/Debug-iphonesimulator/AppAuth_AppAuthCore.build/empty-AppAuth_AppAuthCore.plist (in target 'AppAuth_AppAuthCore' from project 'AppAuth')
    cd /Users/woonlee/Library/Developer/Xcode/DerivedData/phlock-cpinjyttjlysqxbujxukctiouojg/SourcePackages/checkouts/AppAuth-iOS
    builtin-infoPlistUtility /Users/woonlee/Library/Developer/Xcode/DerivedData/phlock-cpinjyttjlysqxbujxukctiouojg/Build/Intermediates.noindex/AppAuth.build/Debug-iphonesimulator/AppAuth_AppAuthCore.build/empty-AppAuth_AppAuthCore.plist -producttype com.apple.product-type.bundle -expandbuildsettings -format binary -platform iphonesimulator -o /Users/woonlee/Library/Developer/Xcode/DerivedData/phlock-cpinjyttjlysqxbujxukctiouojg/Build/Products/Debug-iphonesimulator/AppAuth_AppAuthCore.bundle/Info.plist

ProcessInfoPlistFile /Users/woonlee/Library/Developer/Xcode/DerivedData/phlock-cpinjyttjlysqxbujxukctiouojg/Build/Products/Debug-iphonesimulator/AppAuth_AppAuth.bundle/Info.plist /Users/woonlee/Library/Developer/Xcode/DerivedData/phlock-cpinjyttjlysqxbujxukctiouojg/Build/Intermediates.noindex/AppAuth.build/Debug-iphonesimulator/AppAuth_AppAuth.build/empty-AppAuth_AppAuth.plist (in target 'AppAuth_AppAuth' from project 'AppAuth')
    cd /Users/woonlee/Library/Developer/Xcode/DerivedData/phlock-cpinjyttjlysqxbujxukctiouojg/SourcePackages/checkouts/AppAuth-iOS
    builtin-infoPlistUtility /Users/woonlee/Library/Developer/Xcode/DerivedData/phlock-cpinjyttjlysqxbujxukctiouojg/Build/Intermediates.noindex/AppAuth.build/Debug-iphonesimulator/AppAuth_AppAuth.build/empty-AppAuth_AppAuth.plist -producttype com.apple.product-type.bundle -expandbuildsettings -format binary -platform iphonesimulator -o /Users/woonlee/Library/Developer/Xcode/DerivedData/phlock-cpinjyttjlysqxbujxukctiouojg/Build/Products/Debug-iphonesimulator/AppAuth_AppAuth.bundle/Info.plist

SwiftDriver phlock normal arm64 com.apple.xcode.tools.swift.compiler (in target 'phlock' from project 'phlock')
    cd /Users/woonlee/Desktop/Phlock/phlock-dev/apps/ios/phlock
    builtin-SwiftDriver -- /Applications/Xcode.app/Contents/Developer/Toolchains/XcodeDefault.xctoolchain/usr/bin/swiftc -module-name phlock -Onone -enforce-exclusivity\=checked @/Users/woonlee/Library/Developer/Xcode/DerivedData/phlock-cpinjyttjlysqxbujxukctiouojg/Build/Intermediates.noindex/phlock.build/Debug-iphonesimulator/phlock.build/Objects-normal/arm64/phlock.SwiftFileList -DDEBUG -Xcc -fmodule-map-file\=/Users/woonlee/Library/Developer/Xcode/DerivedData/phlock-cpinjyttjlysqxbujxukctiouojg/Build/Intermediates.noindex/GeneratedModuleMaps-iphonesimulator/AppAuth.modulemap -Xcc -fmodule-map-file\=/Users/woonlee/Library/Developer/Xcode/DerivedData/phlock-cpinjyttjlysqxbujxukctiouojg/Build/Intermediates.noindex/GeneratedModuleMaps-iphonesimulator/AppAuthCore.modulemap -Xcc -fmodule-map-file\=/Users/woonlee/Library/Developer/Xcode/DerivedData/phlock-cpinjyttjlysqxbujxukctiouojg/Build/Intermediates.noindex/GeneratedModuleMaps-iphonesimulator/GoogleUtilities-Logger.modulemap -Xcc -fmodule-map-file\=/Users/woonlee/Library/Developer/Xcode/DerivedData/phlock-cpinjyttjlysqxbujxukctiouojg/Build/Intermediates.noindex/GeneratedModuleMaps-iphonesimulator/GoogleUtilities-Environment.modulemap -Xcc -fmodule-map-file\=/Users/woonlee/Library/Developer/Xcode/DerivedData/phlock-cpinjyttjlysqxbujxukctiouojg/Build/Intermediates.noindex/GeneratedModuleMaps-iphonesimulator/third-party-IsAppEncrypted.modulemap -Xcc -fmodule-map-file\=/Users/woonlee/Library/Developer/Xcode/DerivedData/phlock-cpinjyttjlysqxbujxukctiouojg/Build/Intermediates.noindex/GeneratedModuleMaps-iphonesimulator/GoogleUtilities-UserDefaults.modulemap -Xcc -fmodule-map-file\=/Users/woonlee/Library/Developer/Xcode/DerivedData/phlock-cpinjyttjlysqxbujxukctiouojg/Build/Intermediates.noindex/GeneratedModuleMaps-iphonesimulator/AppCheckCore.modulemap -Xcc -fmodule-map-file\=/Users/woonlee/Library/Developer/Xcode/DerivedData/phlock-cpinjyttjlysqxbujxukctiouojg/Build/Intermediates.noindex/GeneratedModuleMaps-iphonesimulator/GTMSessionFetcherCore.modulemap -Xcc -fmodule-map-file\=/Users/woonlee/Library/Developer/Xcode/DerivedData/phlock-cpinjyttjlysqxbujxukctiouojg/Build/Intermediates.noindex/GeneratedModuleMaps-iphonesimulator/GoogleSignIn.modulemap -default-isolation\=MainActor -enable-bare-slash-regex -enable-upcoming-feature DisableOutwardActorInference -enable-upcoming-feature InferSendableFromCaptures -enable-upcoming-feature GlobalActorIsolatedTypesUsability -enable-upcoming-feature MemberImportVisibility -enable-upcoming-feature InferIsolatedConformances -enable-upcoming-feature NonisolatedNonsendingByDefault -enable-experimental-feature DebugDescriptionMacro -sdk /Applications/Xcode.app/Contents/Developer/Platforms/iPhoneSimulator.platform/Developer/SDKs/iPhoneSimulator26.0.sdk -target arm64-apple-ios16.0-simulator -g -module-cache-path /Users/woonlee/Library/Developer/Xcode/DerivedData/ModuleCache.noindex -Xfrontend -serialize-debugging-options -profile-coverage-mapping -profile-generate -enable-testing -index-store-path /Users/woonlee/Library/Developer/Xcode/DerivedData/phlock-cpinjyttjlysqxbujxukctiouojg/Index.noindex/DataStore -Xcc -D_LIBCPP_HARDENING_MODE\=_LIBCPP_HARDENING_MODE_DEBUG -swift-version 5 -I /Users/woonlee/Library/Developer/Xcode/DerivedData/phlock-cpinjyttjlysqxbujxukctiouojg/Build/Products/Debug-iphonesimulator -F /Users/woonlee/Library/Developer/Xcode/DerivedData/phlock-cpinjyttjlysqxbujxukctiouojg/Build/Products/Debug-iphonesimulator/PackageFrameworks -F /Users/woonlee/Library/Developer/Xcode/DerivedData/phlock-cpinjyttjlysqxbujxukctiouojg/Build/Products/Debug-iphonesimulator/PackageFrameworks -F /Users/woonlee/Library/Developer/Xcode/DerivedData/phlock-cpinjyttjlysqxbujxukctiouojg/Build/Products/Debug-iphonesimulator/PackageFrameworks -F /Users/woonlee/Library/Developer/Xcode/DerivedData/phlock-cpinjyttjlysqxbujxukctiouojg/Build/Products/Debug-iphonesimulator/PackageFrameworks -F /Users/woonlee/Library/Developer/Xcode/DerivedData/phlock-cpinjyttjlysqxbujxukctiouojg/Build/Products/Debug-iphonesimulator/PackageFrameworks -F /Users/woonlee/Library/Developer/Xcode/DerivedData/phlock-cpinjyttjlysqxbujxukctiouojg/Build/Products/Debug-iphonesimulator/PackageFrameworks -F /Users/woonlee/Library/Developer/Xcode/DerivedData/phlock-cpinjyttjlysqxbujxukctiouojg/Build/Products/Debug-iphonesimulator/PackageFrameworks -F /Users/woonlee/Library/Developer/Xcode/DerivedData/phlock-cpinjyttjlysqxbujxukctiouojg/Build/Products/Debug-iphonesimulator/PackageFrameworks -F /Users/woonlee/Library/Developer/Xcode/DerivedData/phlock-cpinjyttjlysqxbujxukctiouojg/Build/Products/Debug-iphonesimulator/PackageFrameworks -F /Users/woonlee/Library/Developer/Xcode/DerivedData/phlock-cpinjyttjlysqxbujxukctiouojg/Build/Products/Debug-iphonesimulator/PackageFrameworks -F /Users/woonlee/Library/Developer/Xcode/DerivedData/phlock-cpinjyttjlysqxbujxukctiouojg/Build/Products/Debug-iphonesimulator/PackageFrameworks -F /Users/woonlee/Library/Developer/Xcode/DerivedData/phlock-cpinjyttjlysqxbujxukctiouojg/Build/Products/Debug-iphonesimulator/PackageFrameworks -F /Users/woonlee/Library/Developer/Xcode/DerivedData/phlock-cpinjyttjlysqxbujxukctiouojg/Build/Products/Debug-iphonesimulator/PackageFrameworks -F /Users/woonlee/Library/Developer/Xcode/DerivedData/phlock-cpinjyttjlysqxbujxukctiouojg/Build/Products/Debug-iphonesimulator/PackageFrameworks -F /Users/woonlee/Library/Developer/Xcode/DerivedData/phlock-cpinjyttjlysqxbujxukctiouojg/Build/Products/Debug-iphonesimulator/PackageFrameworks -F /Users/woonlee/Library/Developer/Xcode/DerivedData/phlock-cpinjyttjlysqxbujxukctiouojg/Build/Products/Debug-iphonesimulator/PackageFrameworks -F /Users/woonlee/Library/Developer/Xcode/DerivedData/phlock-cpinjyttjlysqxbujxukctiouojg/Build/Products/Debug-iphonesimulator/PackageFrameworks -F /Users/woonlee/Library/Developer/Xcode/DerivedData/phlock-cpinjyttjlysqxbujxukctiouojg/Build/Products/Debug-iphonesimulator/PackageFrameworks -F /Users/woonlee/Library/Developer/Xcode/DerivedData/phlock-cpinjyttjlysqxbujxukctiouojg/Build/Products/Debug-iphonesimulator/PackageFrameworks -F /Users/woonlee/Library/Developer/Xcode/DerivedData/phlock-cpinjyttjlysqxbujxukctiouojg/Build/Products/Debug-iphonesimulator/PackageFrameworks -F /Users/woonlee/Library/Developer/Xcode/DerivedData/phlock-cpinjyttjlysqxbujxukctiouojg/Build/Products/Debug-iphonesimulator/PackageFrameworks -F /Users/woonlee/Library/Developer/Xcode/DerivedData/phlock-cpinjyttjlysqxbujxukctiouojg/Build/Products/Debug-iphonesimulator/PackageFrameworks -F /Users/woonlee/Library/Developer/Xcode/DerivedData/phlock-cpinjyttjlysqxbujxukctiouojg/Build/Products/Debug-iphonesimulator/PackageFrameworks -F /Users/woonlee/Library/Developer/Xcode/DerivedData/phlock-cpinjyttjlysqxbujxukctiouojg/Build/Products/Debug-iphonesimulator/PackageFrameworks -F /Users/woonlee/Library/Developer/Xcode/DerivedData/phlock-cpinjyttjlysqxbujxukctiouojg/Build/Products/Debug-iphonesimulator/PackageFrameworks -F /Users/woonlee/Library/Developer/Xcode/DerivedData/phlock-cpinjyttjlysqxbujxukctiouojg/Build/Products/Debug-iphonesimulator/PackageFrameworks -F /Users/woonlee/Library/Developer/Xcode/DerivedData/phlock-cpinjyttjlysqxbujxukctiouojg/Build/Products/Debug-iphonesimulator/PackageFrameworks -F /Users/woonlee/Library/Developer/Xcode/DerivedData/phlock-cpinjyttjlysqxbujxukctiouojg/Build/Products/Debug-iphonesimulator/PackageFrameworks -F /Users/woonlee/Library/Developer/Xcode/DerivedData/phlock-cpinjyttjlysqxbujxukctiouojg/Build/Products/Debug-iphonesimulator -emit-localized-strings -emit-localized-strings-path /Users/woonlee/Library/Developer/Xcode/DerivedData/phlock-cpinjyttjlysqxbujxukctiouojg/Build/Intermediates.noindex/phlock.build/Debug-iphonesimulator/phlock.build/Objects-normal/arm64 -c -j10 -enable-batch-mode -incremental -Xcc -ivfsstatcache -Xcc /Users/woonlee/Library/Developer/Xcode/DerivedData/SDKStatCaches.noindex/iphonesimulator26.0-23A339-26257891a6c027eb51374368541b8346.sdkstatcache -output-file-map /Users/woonlee/Library/Developer/Xcode/DerivedData/phlock-cpinjyttjlysqxbujxukctiouojg/Build/Intermediates.noindex/phlock.build/Debug-iphonesimulator/phlock.build/Objects-normal/arm64/phlock-OutputFileMap.json -use-frontend-parseable-output -save-temps -no-color-diagnostics -explicit-module-build -module-cache-path /Users/woonlee/Library/Developer/Xcode/DerivedData/phlock-cpinjyttjlysqxbujxukctiouojg/Build/Intermediates.noindex/SwiftExplicitPrecompiledModules -clang-scanner-module-cache-path /Users/woonlee/Library/Developer/Xcode/DerivedData/ModuleCache.noindex -sdk-module-cache-path /Users/woonlee/Library/Developer/Xcode/DerivedData/ModuleCache.noindex -serialize-diagnostics -emit-dependencies -emit-module -emit-module-path /Users/woonlee/Library/Developer/Xcode/DerivedData/phlock-cpinjyttjlysqxbujxukctiouojg/Build/Intermediates.noindex/phlock.build/Debug-iphonesimulator/phlock.build/Objects-normal/arm64/phlock.swiftmodule -validate-clang-modules-once -clang-build-session-file /Users/woonlee/Library/Developer/Xcode/DerivedData/ModuleCache.noindex/Session.modulevalidation -Xcc -I/Users/woonlee/Library/Developer/Xcode/DerivedData/phlock-cpinjyttjlysqxbujxukctiouojg/Build/Intermediates.noindex/phlock.build/Debug-iphonesimulator/phlock.build/swift-overrides.hmap -emit-const-values -Xfrontend -const-gather-protocols-file -Xfrontend /Users/woonlee/Library/Developer/Xcode/DerivedData/phlock-cpinjyttjlysqxbujxukctiouojg/Build/Intermediates.noindex/phlock.build/Debug-iphonesimulator/phlock.build/Objects-normal/arm64/phlock_const_extract_protocols.json -Xcc -iquote -Xcc /Users/woonlee/Library/Developer/Xcode/DerivedData/phlock-cpinjyttjlysqxbujxukctiouojg/Build/Intermediates.noindex/phlock.build/Debug-iphonesimulator/phlock.build/phlock-generated-files.hmap -Xcc -I/Users/woonlee/Library/Developer/Xcode/DerivedData/phlock-cpinjyttjlysqxbujxukctiouojg/Build/Intermediates.noindex/phlock.build/Debug-iphonesimulator/phlock.build/phlock-own-target-headers.hmap -Xcc -I/Users/woonlee/Library/Developer/Xcode/DerivedData/phlock-cpinjyttjlysqxbujxukctiouojg/Build/Intermediates.noindex/phlock.build/Debug-iphonesimulator/phlock.build/phlock-all-non-framework-target-headers.hmap -Xcc -ivfsoverlay -Xcc /Users/woonlee/Library/Developer/Xcode/DerivedData/phlock-cpinjyttjlysqxbujxukctiouojg/Build/Intermediates.noindex/phlock.build/Debug-iphonesimulator/phlock-807633917bee8abd1333497eec9e5ab5-VFS-iphonesimulator/all-product-headers.yaml -Xcc -iquote -Xcc /Users/woonlee/Library/Developer/Xcode/DerivedData/phlock-cpinjyttjlysqxbujxukctiouojg/Build/Intermediates.noindex/phlock.build/Debug-iphonesimulator/phlock.build/phlock-project-headers.hmap -Xcc -I/Users/woonlee/Library/Developer/Xcode/DerivedData/phlock-cpinjyttjlysqxbujxukctiouojg/SourcePackages/checkouts/AppAuth-iOS/Sources/AppAuth -Xcc -I/Users/woonlee/Library/Developer/Xcode/DerivedData/phlock-cpinjyttjlysqxbujxukctiouojg/SourcePackages/checkouts/AppAuth-iOS/Sources/AppAuthCore -Xcc -I/Users/woonlee/Library/Developer/Xcode/DerivedData/phlock-cpinjyttjlysqxbujxukctiouojg/SourcePackages/checkouts/promises/Sources/FBLPromises/include -Xcc -I/Users/woonlee/Library/Developer/Xcode/DerivedData/phlock-cpinjyttjlysqxbujxukctiouojg/SourcePackages/checkouts/GoogleUtilities/GoogleUtilities/Logger/Public -Xcc -I/Users/woonlee/Library/Developer/Xcode/DerivedData/phlock-cpinjyttjlysqxbujxukctiouojg/SourcePackages/checkouts/GoogleUtilities/GoogleUtilities/Environment/Public -Xcc -I/Users/woonlee/Library/Developer/Xcode/DerivedData/phlock-cpinjyttjlysqxbujxukctiouojg/SourcePackages/checkouts/GoogleUtilities/third_party/IsAppEncrypted/Public -Xcc -I/Users/woonlee/Library/Developer/Xcode/DerivedData/phlock-cpinjyttjlysqxbujxukctiouojg/SourcePackages/checkouts/GoogleUtilities/GoogleUtilities/UserDefaults/Public -Xcc -I/Users/woonlee/Library/Developer/Xcode/DerivedData/phlock-cpinjyttjlysqxbujxukctiouojg/SourcePackages/checkouts/app-check/AppCheckCore/Sources/Public -Xcc -I/Users/woonlee/Library/Developer/Xcode/DerivedData/phlock-cpinjyttjlysqxbujxukctiouojg/SourcePackages/checkouts/gtm-session-fetcher/Sources/Core/Public -Xcc -I/Users/woonlee/Library/Developer/Xcode/DerivedData/phlock-cpinjyttjlysqxbujxukctiouojg/SourcePackages/checkouts/GoogleSignIn-iOS/GoogleSignIn/Sources/Public -Xcc -I/Users/woonlee/Library/Developer/Xcode/DerivedData/phlock-cpinjyttjlysqxbujxukctiouojg/Build/Products/Debug-iphonesimulator/include -Xcc -I/Users/woonlee/Library/Developer/Xcode/DerivedData/phlock-cpinjyttjlysqxbujxukctiouojg/Build/Intermediates.noindex/phlock.build/Debug-iphonesimulator/phlock.build/DerivedSources-normal/arm64 -Xcc -I/Users/woonlee/Library/Developer/Xcode/DerivedData/phlock-cpinjyttjlysqxbujxukctiouojg/Build/Intermediates.noindex/phlock.build/Debug-iphonesimulator/phlock.build/DerivedSources/arm64 -Xcc -I/Users/woonlee/Library/Developer/Xcode/DerivedData/phlock-cpinjyttjlysqxbujxukctiouojg/Build/Intermediates.noindex/phlock.build/Debug-iphonesimulator/phlock.build/DerivedSources -Xcc -DDEBUG\=1 -emit-objc-header -emit-objc-header-path /Users/woonlee/Library/Developer/Xcode/DerivedData/phlock-cpinjyttjlysqxbujxukctiouojg/Build/Intermediates.noindex/phlock.build/Debug-iphonesimulator/phlock.build/Objects-normal/arm64/phlock-Swift.h -working-directory /Users/woonlee/Desktop/Phlock/phlock-dev/apps/ios/phlock -experimental-emit-module-separately -disable-cmo

ProcessInfoPlistFile /Users/woonlee/Library/Developer/Xcode/DerivedData/phlock-cpinjyttjlysqxbujxukctiouojg/Build/Products/Debug-iphonesimulator/phlock.app/Info.plist /Users/woonlee/Desktop/Phlock/phlock-dev/apps/ios/phlock/phlock/Info.plist (in target 'phlock' from project 'phlock')
    cd /Users/woonlee/Desktop/Phlock/phlock-dev/apps/ios/phlock
    builtin-infoPlistUtility /Users/woonlee/Desktop/Phlock/phlock-dev/apps/ios/phlock/phlock/Info.plist -producttype com.apple.product-type.application -genpkginfo /Users/woonlee/Library/Developer/Xcode/DerivedData/phlock-cpinjyttjlysqxbujxukctiouojg/Build/Products/Debug-iphonesimulator/phlock.app/PkgInfo -expandbuildsettings -format binary -platform iphonesimulator -additionalcontentfile /Users/woonlee/Library/Developer/Xcode/DerivedData/phlock-cpinjyttjlysqxbujxukctiouojg/Build/Intermediates.noindex/phlock.build/Debug-iphonesimulator/phlock.build/assetcatalog_generated_info.plist -scanforprivacyfile /Users/woonlee/Library/Developer/Xcode/DerivedData/phlock-cpinjyttjlysqxbujxukctiouojg/Build/Products/Debug-iphonesimulator/phlock.app/AppAuth_AppAuth.bundle -scanforprivacyfile /Users/woonlee/Library/Developer/Xcode/DerivedData/phlock-cpinjyttjlysqxbujxukctiouojg/Build/Products/Debug-iphonesimulator/phlock.app/AppAuth_AppAuthCore.bundle -scanforprivacyfile /Users/woonlee/Library/Developer/Xcode/DerivedData/phlock-cpinjyttjlysqxbujxukctiouojg/Build/Products/Debug-iphonesimulator/phlock.app/Frameworks/Lottie.framework -scanforprivacyfile /Users/woonlee/Library/Developer/Xcode/DerivedData/phlock-cpinjyttjlysqxbujxukctiouojg/Build/Products/Debug-iphonesimulator/phlock.app/GTMAppAuth_GTMAppAuth.bundle -scanforprivacyfile /Users/woonlee/Library/Developer/Xcode/DerivedData/phlock-cpinjyttjlysqxbujxukctiouojg/Build/Products/Debug-iphonesimulator/phlock.app/GTMSessionFetcher_GTMSessionFetcherCore.bundle -scanforprivacyfile /Users/woonlee/Library/Developer/Xcode/DerivedData/phlock-cpinjyttjlysqxbujxukctiouojg/Build/Products/Debug-iphonesimulator/phlock.app/GoogleSignIn_GoogleSignIn.bundle -scanforprivacyfile /Users/woonlee/Library/Developer/Xcode/DerivedData/phlock-cpinjyttjlysqxbujxukctiouojg/Build/Products/Debug-iphonesimulator/phlock.app/GoogleSignIn_GoogleSignInSwift.bundle -scanforprivacyfile /Users/woonlee/Library/Developer/Xcode/DerivedData/phlock-cpinjyttjlysqxbujxukctiouojg/Build/Products/Debug-iphonesimulator/phlock.app/GoogleUtilities_GoogleUtilities-Environment.bundle -scanforprivacyfile /Users/woonlee/Library/Developer/Xcode/DerivedData/phlock-cpinjyttjlysqxbujxukctiouojg/Build/Products/Debug-iphonesimulator/phlock.app/GoogleUtilities_GoogleUtilities-Logger.bundle -scanforprivacyfile /Users/woonlee/Library/Developer/Xcode/DerivedData/phlock-cpinjyttjlysqxbujxukctiouojg/Build/Products/Debug-iphonesimulator/phlock.app/GoogleUtilities_GoogleUtilities-UserDefaults.bundle -scanforprivacyfile /Users/woonlee/Library/Developer/Xcode/DerivedData/phlock-cpinjyttjlysqxbujxukctiouojg/Build/Products/Debug-iphonesimulator/phlock.app/Promises_FBLPromises.bundle -scanforprivacyfile /Users/woonlee/Library/Developer/Xcode/DerivedData/phlock-cpinjyttjlysqxbujxukctiouojg/Build/Products/Debug-iphonesimulator/phlock.app/swift-crypto_Crypto.bundle -o /Users/woonlee/Library/Developer/Xcode/DerivedData/phlock-cpinjyttjlysqxbujxukctiouojg/Build/Products/Debug-iphonesimulator/phlock.app/Info.plist

SwiftCompile normal arm64 Compiling\ PhlockImmersiveLayout.swift /Users/woonlee/Desktop/Phlock/phlock-dev/apps/ios/phlock/phlock/Views/Components/PhlockImmersiveLayout.swift (in target 'phlock' from project 'phlock')

SwiftCompile normal arm64 /Users/woonlee/Desktop/Phlock/phlock-dev/apps/ios/phlock/phlock/Views/Components/PhlockImmersiveLayout.swift (in target 'phlock' from project 'phlock')
    cd /Users/woonlee/Desktop/Phlock/phlock-dev/apps/ios/phlock
    

SwiftEmitModule normal arm64 Emitting\ module\ for\ phlock (in target 'phlock' from project 'phlock')
EmitSwiftModule normal arm64 (in target 'phlock' from project 'phlock')
    cd /Users/woonlee/Desktop/Phlock/phlock-dev/apps/ios/phlock
    

SwiftCompile normal arm64 Compiling\ ShareService.swift /Users/woonlee/Desktop/Phlock/phlock-dev/apps/ios/phlock/phlock/Services/ShareService.swift (in target 'phlock' from project 'phlock')

SwiftCompile normal arm64 /Users/woonlee/Desktop/Phlock/phlock-dev/apps/ios/phlock/phlock/Services/ShareService.swift (in target 'phlock' from project 'phlock')
    cd /Users/woonlee/Desktop/Phlock/phlock-dev/apps/ios/phlock
    

SwiftCompile normal arm64 Compiling\ PhlockView.swift /Users/woonlee/Desktop/Phlock/phlock-dev/apps/ios/phlock/phlock/Views/Main/PhlockView.swift (in target 'phlock' from project 'phlock')
SwiftCompile normal arm64 /Users/woonlee/Desktop/Phlock/phlock-dev/apps/ios/phlock/phlock/Views/Main/PhlockView.swift (in target 'phlock' from project 'phlock')
    cd /Users/woonlee/Desktop/Phlock/phlock-dev/apps/ios/phlock
    

SwiftDriverJobDiscovery normal arm64 Compiling ShareService.swift (in target 'phlock' from project 'phlock')

SwiftDriverJobDiscovery normal arm64 Compiling PhlockImmersiveLayout.swift (in target 'phlock' from project 'phlock')

SwiftDriverJobDiscovery normal arm64 Emitting module for phlock (in target 'phlock' from project 'phlock')

SwiftDriver\ Compilation\ Requirements phlock normal arm64 com.apple.xcode.tools.swift.compiler (in target 'phlock' from project 'phlock')
    cd /Users/woonlee/Desktop/Phlock/phlock-dev/apps/ios/phlock
    builtin-Swift-Compilation-Requirements -- /Applications/Xcode.app/Contents/Developer/Toolchains/XcodeDefault.xctoolchain/usr/bin/swiftc -module-name phlock -Onone -enforce-exclusivity\=checked @/Users/woonlee/Library/Developer/Xcode/DerivedData/phlock-cpinjyttjlysqxbujxukctiouojg/Build/Intermediates.noindex/phlock.build/Debug-iphonesimulator/phlock.build/Objects-normal/arm64/phlock.SwiftFileList -DDEBUG -Xcc -fmodule-map-file\=/Users/woonlee/Library/Developer/Xcode/DerivedData/phlock-cpinjyttjlysqxbujxukctiouojg/Build/Intermediates.noindex/GeneratedModuleMaps-iphonesimulator/AppAuth.modulemap -Xcc -fmodule-map-file\=/Users/woonlee/Library/Developer/Xcode/DerivedData/phlock-cpinjyttjlysqxbujxukctiouojg/Build/Intermediates.noindex/GeneratedModuleMaps-iphonesimulator/AppAuthCore.modulemap -Xcc -fmodule-map-file\=/Users/woonlee/Library/Developer/Xcode/DerivedData/phlock-cpinjyttjlysqxbujxukctiouojg/Build/Intermediates.noindex/GeneratedModuleMaps-iphonesimulator/GoogleUtilities-Logger.modulemap -Xcc -fmodule-map-file\=/Users/woonlee/Library/Developer/Xcode/DerivedData/phlock-cpinjyttjlysqxbujxukctiouojg/Build/Intermediates.noindex/GeneratedModuleMaps-iphonesimulator/GoogleUtilities-Environment.modulemap -Xcc -fmodule-map-file\=/Users/woonlee/Library/Developer/Xcode/DerivedData/phlock-cpinjyttjlysqxbujxukctiouojg/Build/Intermediates.noindex/GeneratedModuleMaps-iphonesimulator/third-party-IsAppEncrypted.modulemap -Xcc -fmodule-map-file\=/Users/woonlee/Library/Developer/Xcode/DerivedData/phlock-cpinjyttjlysqxbujxukctiouojg/Build/Intermediates.noindex/GeneratedModuleMaps-iphonesimulator/GoogleUtilities-UserDefaults.modulemap -Xcc -fmodule-map-file\=/Users/woonlee/Library/Developer/Xcode/DerivedData/phlock-cpinjyttjlysqxbujxukctiouojg/Build/Intermediates.noindex/GeneratedModuleMaps-iphonesimulator/AppCheckCore.modulemap -Xcc -fmodule-map-file\=/Users/woonlee/Library/Developer/Xcode/DerivedData/phlock-cpinjyttjlysqxbujxukctiouojg/Build/Intermediates.noindex/GeneratedModuleMaps-iphonesimulator/GTMSessionFetcherCore.modulemap -Xcc -fmodule-map-file\=/Users/woonlee/Library/Developer/Xcode/DerivedData/phlock-cpinjyttjlysqxbujxukctiouojg/Build/Intermediates.noindex/GeneratedModuleMaps-iphonesimulator/GoogleSignIn.modulemap -default-isolation\=MainActor -enable-bare-slash-regex -enable-upcoming-feature DisableOutwardActorInference -enable-upcoming-feature InferSendableFromCaptures -enable-upcoming-feature GlobalActorIsolatedTypesUsability -enable-upcoming-feature MemberImportVisibility -enable-upcoming-feature InferIsolatedConformances -enable-upcoming-feature NonisolatedNonsendingByDefault -enable-experimental-feature DebugDescriptionMacro -sdk /Applications/Xcode.app/Contents/Developer/Platforms/iPhoneSimulator.platform/Developer/SDKs/iPhoneSimulator26.0.sdk -target arm64-apple-ios16.0-simulator -g -module-cache-path /Users/woonlee/Library/Developer/Xcode/DerivedData/ModuleCache.noindex -Xfrontend -serialize-debugging-options -profile-coverage-mapping -profile-generate -enable-testing -index-store-path /Users/woonlee/Library/Developer/Xcode/DerivedData/phlock-cpinjyttjlysqxbujxukctiouojg/Index.noindex/DataStore -Xcc -D_LIBCPP_HARDENING_MODE\=_LIBCPP_HARDENING_MODE_DEBUG -swift-version 5 -I /Users/woonlee/Library/Developer/Xcode/DerivedData/phlock-cpinjyttjlysqxbujxukctiouojg/Build/Products/Debug-iphonesimulator -F /Users/woonlee/Library/Developer/Xcode/DerivedData/phlock-cpinjyttjlysqxbujxukctiouojg/Build/Products/Debug-iphonesimulator/PackageFrameworks -F /Users/woonlee/Library/Developer/Xcode/DerivedData/phlock-cpinjyttjlysqxbujxukctiouojg/Build/Products/Debug-iphonesimulator/PackageFrameworks -F /Users/woonlee/Library/Developer/Xcode/DerivedData/phlock-cpinjyttjlysqxbujxukctiouojg/Build/Products/Debug-iphonesimulator/PackageFrameworks -F /Users/woonlee/Library/Developer/Xcode/DerivedData/phlock-cpinjyttjlysqxbujxukctiouojg/Build/Products/Debug-iphonesimulator/PackageFrameworks -F /Users/woonlee/Library/Developer/Xcode/DerivedData/phlock-cpinjyttjlysqxbujxukctiouojg/Build/Products/Debug-iphonesimulator/PackageFrameworks -F /Users/woonlee/Library/Developer/Xcode/DerivedData/phlock-cpinjyttjlysqxbujxukctiouojg/Build/Products/Debug-iphonesimulator/PackageFrameworks -F /Users/woonlee/Library/Developer/Xcode/DerivedData/phlock-cpinjyttjlysqxbujxukctiouojg/Build/Products/Debug-iphonesimulator/PackageFrameworks -F /Users/woonlee/Library/Developer/Xcode/DerivedData/phlock-cpinjyttjlysqxbujxukctiouojg/Build/Products/Debug-iphonesimulator/PackageFrameworks -F /Users/woonlee/Library/Developer/Xcode/DerivedData/phlock-cpinjyttjlysqxbujxukctiouojg/Build/Products/Debug-iphonesimulator/PackageFrameworks -F /Users/woonlee/Library/Developer/Xcode/DerivedData/phlock-cpinjyttjlysqxbujxukctiouojg/Build/Products/Debug-iphonesimulator/PackageFrameworks -F /Users/woonlee/Library/Developer/Xcode/DerivedData/phlock-cpinjyttjlysqxbujxukctiouojg/Build/Products/Debug-iphonesimulator/PackageFrameworks -F /Users/woonlee/Library/Developer/Xcode/DerivedData/phlock-cpinjyttjlysqxbujxukctiouojg/Build/Products/Debug-iphonesimulator/PackageFrameworks -F /Users/woonlee/Library/Developer/Xcode/DerivedData/phlock-cpinjyttjlysqxbujxukctiouojg/Build/Products/Debug-iphonesimulator/PackageFrameworks -F /Users/woonlee/Library/Developer/Xcode/DerivedData/phlock-cpinjyttjlysqxbujxukctiouojg/Build/Products/Debug-iphonesimulator/PackageFrameworks -F /Users/woonlee/Library/Developer/Xcode/DerivedData/phlock-cpinjyttjlysqxbujxukctiouojg/Build/Products/Debug-iphonesimulator/PackageFrameworks -F /Users/woonlee/Library/Developer/Xcode/DerivedData/phlock-cpinjyttjlysqxbujxukctiouojg/Build/Products/Debug-iphonesimulator/PackageFrameworks -F /Users/woonlee/Library/Developer/Xcode/DerivedData/phlock-cpinjyttjlysqxbujxukctiouojg/Build/Products/Debug-iphonesimulator/PackageFrameworks -F /Users/woonlee/Library/Developer/Xcode/DerivedData/phlock-cpinjyttjlysqxbujxukctiouojg/Build/Products/Debug-iphonesimulator/PackageFrameworks -F /Users/woonlee/Library/Developer/Xcode/DerivedData/phlock-cpinjyttjlysqxbujxukctiouojg/Build/Products/Debug-iphonesimulator/PackageFrameworks -F /Users/woonlee/Library/Developer/Xcode/DerivedData/phlock-cpinjyttjlysqxbujxukctiouojg/Build/Products/Debug-iphonesimulator/PackageFrameworks -F /Users/woonlee/Library/Developer/Xcode/DerivedData/phlock-cpinjyttjlysqxbujxukctiouojg/Build/Products/Debug-iphonesimulator/PackageFrameworks -F /Users/woonlee/Library/Developer/Xcode/DerivedData/phlock-cpinjyttjlysqxbujxukctiouojg/Build/Products/Debug-iphonesimulator/PackageFrameworks -F /Users/woonlee/Library/Developer/Xcode/DerivedData/phlock-cpinjyttjlysqxbujxukctiouojg/Build/Products/Debug-iphonesimulator/PackageFrameworks -F /Users/woonlee/Library/Developer/Xcode/DerivedData/phlock-cpinjyttjlysqxbujxukctiouojg/Build/Products/Debug-iphonesimulator/PackageFrameworks -F /Users/woonlee/Library/Developer/Xcode/DerivedData/phlock-cpinjyttjlysqxbujxukctiouojg/Build/Products/Debug-iphonesimulator/PackageFrameworks -F /Users/woonlee/Library/Developer/Xcode/DerivedData/phlock-cpinjyttjlysqxbujxukctiouojg/Build/Products/Debug-iphonesimulator/PackageFrameworks -F /Users/woonlee/Library/Developer/Xcode/DerivedData/phlock-cpinjyttjlysqxbujxukctiouojg/Build/Products/Debug-iphonesimulator/PackageFrameworks -F /Users/woonlee/Library/Developer/Xcode/DerivedData/phlock-cpinjyttjlysqxbujxukctiouojg/Build/Products/Debug-iphonesimulator/PackageFrameworks -F /Users/woonlee/Library/Developer/Xcode/DerivedData/phlock-cpinjyttjlysqxbujxukctiouojg/Build/Products/Debug-iphonesimulator -emit-localized-strings -emit-localized-strings-path /Users/woonlee/Library/Developer/Xcode/DerivedData/phlock-cpinjyttjlysqxbujxukctiouojg/Build/Intermediates.noindex/phlock.build/Debug-iphonesimulator/phlock.build/Objects-normal/arm64 -c -j10 -enable-batch-mode -incremental -Xcc -ivfsstatcache -Xcc /Users/woonlee/Library/Developer/Xcode/DerivedData/SDKStatCaches.noindex/iphonesimulator26.0-23A339-26257891a6c027eb51374368541b8346.sdkstatcache -output-file-map /Users/woonlee/Library/Developer/Xcode/DerivedData/phlock-cpinjyttjlysqxbujxukctiouojg/Build/Intermediates.noindex/phlock.build/Debug-iphonesimulator/phlock.build/Objects-normal/arm64/phlock-OutputFileMap.json -use-frontend-parseable-output -save-temps -no-color-diagnostics -explicit-module-build -module-cache-path /Users/woonlee/Library/Developer/Xcode/DerivedData/phlock-cpinjyttjlysqxbujxukctiouojg/Build/Intermediates.noindex/SwiftExplicitPrecompiledModules -clang-scanner-module-cache-path /Users/woonlee/Library/Developer/Xcode/DerivedData/ModuleCache.noindex -sdk-module-cache-path /Users/woonlee/Library/Developer/Xcode/DerivedData/ModuleCache.noindex -serialize-diagnostics -emit-dependencies -emit-module -emit-module-path /Users/woonlee/Library/Developer/Xcode/DerivedData/phlock-cpinjyttjlysqxbujxukctiouojg/Build/Intermediates.noindex/phlock.build/Debug-iphonesimulator/phlock.build/Objects-normal/arm64/phlock.swiftmodule -validate-clang-modules-once -clang-build-session-file /Users/woonlee/Library/Developer/Xcode/DerivedData/ModuleCache.noindex/Session.modulevalidation -Xcc -I/Users/woonlee/Library/Developer/Xcode/DerivedData/phlock-cpinjyttjlysqxbujxukctiouojg/Build/Intermediates.noindex/phlock.build/Debug-iphonesimulator/phlock.build/swift-overrides.hmap -emit-const-values -Xfrontend -const-gather-protocols-file -Xfrontend /Users/woonlee/Library/Developer/Xcode/DerivedData/phlock-cpinjyttjlysqxbujxukctiouojg/Build/Intermediates.noindex/phlock.build/Debug-iphonesimulator/phlock.build/Objects-normal/arm64/phlock_const_extract_protocols.json -Xcc -iquote -Xcc /Users/woonlee/Library/Developer/Xcode/DerivedData/phlock-cpinjyttjlysqxbujxukctiouojg/Build/Intermediates.noindex/phlock.build/Debug-iphonesimulator/phlock.build/phlock-generated-files.hmap -Xcc -I/Users/woonlee/Library/Developer/Xcode/DerivedData/phlock-cpinjyttjlysqxbujxukctiouojg/Build/Intermediates.noindex/phlock.build/Debug-iphonesimulator/phlock.build/phlock-own-target-headers.hmap -Xcc -I/Users/woonlee/Library/Developer/Xcode/DerivedData/phlock-cpinjyttjlysqxbujxukctiouojg/Build/Intermediates.noindex/phlock.build/Debug-iphonesimulator/phlock.build/phlock-all-non-framework-target-headers.hmap -Xcc -ivfsoverlay -Xcc /Users/woonlee/Library/Developer/Xcode/DerivedData/phlock-cpinjyttjlysqxbujxukctiouojg/Build/Intermediates.noindex/phlock.build/Debug-iphonesimulator/phlock-807633917bee8abd1333497eec9e5ab5-VFS-iphonesimulator/all-product-headers.yaml -Xcc -iquote -Xcc /Users/woonlee/Library/Developer/Xcode/DerivedData/phlock-cpinjyttjlysqxbujxukctiouojg/Build/Intermediates.noindex/phlock.build/Debug-iphonesimulator/phlock.build/phlock-project-headers.hmap -Xcc -I/Users/woonlee/Library/Developer/Xcode/DerivedData/phlock-cpinjyttjlysqxbujxukctiouojg/SourcePackages/checkouts/AppAuth-iOS/Sources/AppAuth -Xcc -I/Users/woonlee/Library/Developer/Xcode/DerivedData/phlock-cpinjyttjlysqxbujxukctiouojg/SourcePackages/checkouts/AppAuth-iOS/Sources/AppAuthCore -Xcc -I/Users/woonlee/Library/Developer/Xcode/DerivedData/phlock-cpinjyttjlysqxbujxukctiouojg/SourcePackages/checkouts/promises/Sources/FBLPromises/include -Xcc -I/Users/woonlee/Library/Developer/Xcode/DerivedData/phlock-cpinjyttjlysqxbujxukctiouojg/SourcePackages/checkouts/GoogleUtilities/GoogleUtilities/Logger/Public -Xcc -I/Users/woonlee/Library/Developer/Xcode/DerivedData/phlock-cpinjyttjlysqxbujxukctiouojg/SourcePackages/checkouts/GoogleUtilities/GoogleUtilities/Environment/Public -Xcc -I/Users/woonlee/Library/Developer/Xcode/DerivedData/phlock-cpinjyttjlysqxbujxukctiouojg/SourcePackages/checkouts/GoogleUtilities/third_party/IsAppEncrypted/Public -Xcc -I/Users/woonlee/Library/Developer/Xcode/DerivedData/phlock-cpinjyttjlysqxbujxukctiouojg/SourcePackages/checkouts/GoogleUtilities/GoogleUtilities/UserDefaults/Public -Xcc -I/Users/woonlee/Library/Developer/Xcode/DerivedData/phlock-cpinjyttjlysqxbujxukctiouojg/SourcePackages/checkouts/app-check/AppCheckCore/Sources/Public -Xcc -I/Users/woonlee/Library/Developer/Xcode/DerivedData/phlock-cpinjyttjlysqxbujxukctiouojg/SourcePackages/checkouts/gtm-session-fetcher/Sources/Core/Public -Xcc -I/Users/woonlee/Library/Developer/Xcode/DerivedData/phlock-cpinjyttjlysqxbujxukctiouojg/SourcePackages/checkouts/GoogleSignIn-iOS/GoogleSignIn/Sources/Public -Xcc -I/Users/woonlee/Library/Developer/Xcode/DerivedData/phlock-cpinjyttjlysqxbujxukctiouojg/Build/Products/Debug-iphonesimulator/include -Xcc -I/Users/woonlee/Library/Developer/Xcode/DerivedData/phlock-cpinjyttjlysqxbujxukctiouojg/Build/Intermediates.noindex/phlock.build/Debug-iphonesimulator/phlock.build/DerivedSources-normal/arm64 -Xcc -I/Users/woonlee/Library/Developer/Xcode/DerivedData/phlock-cpinjyttjlysqxbujxukctiouojg/Build/Intermediates.noindex/phlock.build/Debug-iphonesimulator/phlock.build/DerivedSources/arm64 -Xcc -I/Users/woonlee/Library/Developer/Xcode/DerivedData/phlock-cpinjyttjlysqxbujxukctiouojg/Build/Intermediates.noindex/phlock.build/Debug-iphonesimulator/phlock.build/DerivedSources -Xcc -DDEBUG\=1 -emit-objc-header -emit-objc-header-path /Users/woonlee/Library/Developer/Xcode/DerivedData/phlock-cpinjyttjlysqxbujxukctiouojg/Build/Intermediates.noindex/phlock.build/Debug-iphonesimulator/phlock.build/Objects-normal/arm64/phlock-Swift.h -working-directory /Users/woonlee/Desktop/Phlock/phlock-dev/apps/ios/phlock -experimental-emit-module-separately -disable-cmo

SwiftDriverJobDiscovery normal arm64 Compiling PhlockView.swift (in target 'phlock' from project 'phlock')

SwiftDriver\ Compilation phlock normal arm64 com.apple.xcode.tools.swift.compiler (in target 'phlock' from project 'phlock')
    cd /Users/woonlee/Desktop/Phlock/phlock-dev/apps/ios/phlock
    builtin-Swift-Compilation -- /Applications/Xcode.app/Contents/Developer/Toolchains/XcodeDefault.xctoolchain/usr/bin/swiftc -module-name phlock -Onone -enforce-exclusivity\=checked @/Users/woonlee/Library/Developer/Xcode/DerivedData/phlock-cpinjyttjlysqxbujxukctiouojg/Build/Intermediates.noindex/phlock.build/Debug-iphonesimulator/phlock.build/Objects-normal/arm64/phlock.SwiftFileList -DDEBUG -Xcc -fmodule-map-file\=/Users/woonlee/Library/Developer/Xcode/DerivedData/phlock-cpinjyttjlysqxbujxukctiouojg/Build/Intermediates.noindex/GeneratedModuleMaps-iphonesimulator/AppAuth.modulemap -Xcc -fmodule-map-file\=/Users/woonlee/Library/Developer/Xcode/DerivedData/phlock-cpinjyttjlysqxbujxukctiouojg/Build/Intermediates.noindex/GeneratedModuleMaps-iphonesimulator/AppAuthCore.modulemap -Xcc -fmodule-map-file\=/Users/woonlee/Library/Developer/Xcode/DerivedData/phlock-cpinjyttjlysqxbujxukctiouojg/Build/Intermediates.noindex/GeneratedModuleMaps-iphonesimulator/GoogleUtilities-Logger.modulemap -Xcc -fmodule-map-file\=/Users/woonlee/Library/Developer/Xcode/DerivedData/phlock-cpinjyttjlysqxbujxukctiouojg/Build/Intermediates.noindex/GeneratedModuleMaps-iphonesimulator/GoogleUtilities-Environment.modulemap -Xcc -fmodule-map-file\=/Users/woonlee/Library/Developer/Xcode/DerivedData/phlock-cpinjyttjlysqxbujxukctiouojg/Build/Intermediates.noindex/GeneratedModuleMaps-iphonesimulator/third-party-IsAppEncrypted.modulemap -Xcc -fmodule-map-file\=/Users/woonlee/Library/Developer/Xcode/DerivedData/phlock-cpinjyttjlysqxbujxukctiouojg/Build/Intermediates.noindex/GeneratedModuleMaps-iphonesimulator/GoogleUtilities-UserDefaults.modulemap -Xcc -fmodule-map-file\=/Users/woonlee/Library/Developer/Xcode/DerivedData/phlock-cpinjyttjlysqxbujxukctiouojg/Build/Intermediates.noindex/GeneratedModuleMaps-iphonesimulator/AppCheckCore.modulemap -Xcc -fmodule-map-file\=/Users/woonlee/Library/Developer/Xcode/DerivedData/phlock-cpinjyttjlysqxbujxukctiouojg/Build/Intermediates.noindex/GeneratedModuleMaps-iphonesimulator/GTMSessionFetcherCore.modulemap -Xcc -fmodule-map-file\=/Users/woonlee/Library/Developer/Xcode/DerivedData/phlock-cpinjyttjlysqxbujxukctiouojg/Build/Intermediates.noindex/GeneratedModuleMaps-iphonesimulator/GoogleSignIn.modulemap -default-isolation\=MainActor -enable-bare-slash-regex -enable-upcoming-feature DisableOutwardActorInference -enable-upcoming-feature InferSendableFromCaptures -enable-upcoming-feature GlobalActorIsolatedTypesUsability -enable-upcoming-feature MemberImportVisibility -enable-upcoming-feature InferIsolatedConformances -enable-upcoming-feature NonisolatedNonsendingByDefault -enable-experimental-feature DebugDescriptionMacro -sdk /Applications/Xcode.app/Contents/Developer/Platforms/iPhoneSimulator.platform/Developer/SDKs/iPhoneSimulator26.0.sdk -target arm64-apple-ios16.0-simulator -g -module-cache-path /Users/woonlee/Library/Developer/Xcode/DerivedData/ModuleCache.noindex -Xfrontend -serialize-debugging-options -profile-coverage-mapping -profile-generate -enable-testing -index-store-path /Users/woonlee/Library/Developer/Xcode/DerivedData/phlock-cpinjyttjlysqxbujxukctiouojg/Index.noindex/DataStore -Xcc -D_LIBCPP_HARDENING_MODE\=_LIBCPP_HARDENING_MODE_DEBUG -swift-version 5 -I /Users/woonlee/Library/Developer/Xcode/DerivedData/phlock-cpinjyttjlysqxbujxukctiouojg/Build/Products/Debug-iphonesimulator -F /Users/woonlee/Library/Developer/Xcode/DerivedData/phlock-cpinjyttjlysqxbujxukctiouojg/Build/Products/Debug-iphonesimulator/PackageFrameworks -F /Users/woonlee/Library/Developer/Xcode/DerivedData/phlock-cpinjyttjlysqxbujxukctiouojg/Build/Products/Debug-iphonesimulator/PackageFrameworks -F /Users/woonlee/Library/Developer/Xcode/DerivedData/phlock-cpinjyttjlysqxbujxukctiouojg/Build/Products/Debug-iphonesimulator/PackageFrameworks -F /Users/woonlee/Library/Developer/Xcode/DerivedData/phlock-cpinjyttjlysqxbujxukctiouojg/Build/Products/Debug-iphonesimulator/PackageFrameworks -F /Users/woonlee/Library/Developer/Xcode/DerivedData/phlock-cpinjyttjlysqxbujxukctiouojg/Build/Products/Debug-iphonesimulator/PackageFrameworks -F /Users/woonlee/Library/Developer/Xcode/DerivedData/phlock-cpinjyttjlysqxbujxukctiouojg/Build/Products/Debug-iphonesimulator/PackageFrameworks -F /Users/woonlee/Library/Developer/Xcode/DerivedData/phlock-cpinjyttjlysqxbujxukctiouojg/Build/Products/Debug-iphonesimulator/PackageFrameworks -F /Users/woonlee/Library/Developer/Xcode/DerivedData/phlock-cpinjyttjlysqxbujxukctiouojg/Build/Products/Debug-iphonesimulator/PackageFrameworks -F /Users/woonlee/Library/Developer/Xcode/DerivedData/phlock-cpinjyttjlysqxbujxukctiouojg/Build/Products/Debug-iphonesimulator/PackageFrameworks -F /Users/woonlee/Library/Developer/Xcode/DerivedData/phlock-cpinjyttjlysqxbujxukctiouojg/Build/Products/Debug-iphonesimulator/PackageFrameworks -F /Users/woonlee/Library/Developer/Xcode/DerivedData/phlock-cpinjyttjlysqxbujxukctiouojg/Build/Products/Debug-iphonesimulator/PackageFrameworks -F /Users/woonlee/Library/Developer/Xcode/DerivedData/phlock-cpinjyttjlysqxbujxukctiouojg/Build/Products/Debug-iphonesimulator/PackageFrameworks -F /Users/woonlee/Library/Developer/Xcode/DerivedData/phlock-cpinjyttjlysqxbujxukctiouojg/Build/Products/Debug-iphonesimulator/PackageFrameworks -F /Users/woonlee/Library/Developer/Xcode/DerivedData/phlock-cpinjyttjlysqxbujxukctiouojg/Build/Products/Debug-iphonesimulator/PackageFrameworks -F /Users/woonlee/Library/Developer/Xcode/DerivedData/phlock-cpinjyttjlysqxbujxukctiouojg/Build/Products/Debug-iphonesimulator/PackageFrameworks -F /Users/woonlee/Library/Developer/Xcode/DerivedData/phlock-cpinjyttjlysqxbujxukctiouojg/Build/Products/Debug-iphonesimulator/PackageFrameworks -F /Users/woonlee/Library/Developer/Xcode/DerivedData/phlock-cpinjyttjlysqxbujxukctiouojg/Build/Products/Debug-iphonesimulator/PackageFrameworks -F /Users/woonlee/Library/Developer/Xcode/DerivedData/phlock-cpinjyttjlysqxbujxukctiouojg/Build/Products/Debug-iphonesimulator/PackageFrameworks -F /Users/woonlee/Library/Developer/Xcode/DerivedData/phlock-cpinjyttjlysqxbujxukctiouojg/Build/Products/Debug-iphonesimulator/PackageFrameworks -F /Users/woonlee/Library/Developer/Xcode/DerivedData/phlock-cpinjyttjlysqxbujxukctiouojg/Build/Products/Debug-iphonesimulator/PackageFrameworks -F /Users/woonlee/Library/Developer/Xcode/DerivedData/phlock-cpinjyttjlysqxbujxukctiouojg/Build/Products/Debug-iphonesimulator/PackageFrameworks -F /Users/woonlee/Library/Developer/Xcode/DerivedData/phlock-cpinjyttjlysqxbujxukctiouojg/Build/Products/Debug-iphonesimulator/PackageFrameworks -F /Users/woonlee/Library/Developer/Xcode/DerivedData/phlock-cpinjyttjlysqxbujxukctiouojg/Build/Products/Debug-iphonesimulator/PackageFrameworks -F /Users/woonlee/Library/Developer/Xcode/DerivedData/phlock-cpinjyttjlysqxbujxukctiouojg/Build/Products/Debug-iphonesimulator/PackageFrameworks -F /Users/woonlee/Library/Developer/Xcode/DerivedData/phlock-cpinjyttjlysqxbujxukctiouojg/Build/Products/Debug-iphonesimulator/PackageFrameworks -F /Users/woonlee/Library/Developer/Xcode/DerivedData/phlock-cpinjyttjlysqxbujxukctiouojg/Build/Products/Debug-iphonesimulator/PackageFrameworks -F /Users/woonlee/Library/Developer/Xcode/DerivedData/phlock-cpinjyttjlysqxbujxukctiouojg/Build/Products/Debug-iphonesimulator/PackageFrameworks -F /Users/woonlee/Library/Developer/Xcode/DerivedData/phlock-cpinjyttjlysqxbujxukctiouojg/Build/Products/Debug-iphonesimulator/PackageFrameworks -F /Users/woonlee/Library/Developer/Xcode/DerivedData/phlock-cpinjyttjlysqxbujxukctiouojg/Build/Products/Debug-iphonesimulator -emit-localized-strings -emit-localized-strings-path /Users/woonlee/Library/Developer/Xcode/DerivedData/phlock-cpinjyttjlysqxbujxukctiouojg/Build/Intermediates.noindex/phlock.build/Debug-iphonesimulator/phlock.build/Objects-normal/arm64 -c -j10 -enable-batch-mode -incremental -Xcc -ivfsstatcache -Xcc /Users/woonlee/Library/Developer/Xcode/DerivedData/SDKStatCaches.noindex/iphonesimulator26.0-23A339-26257891a6c027eb51374368541b8346.sdkstatcache -output-file-map /Users/woonlee/Library/Developer/Xcode/DerivedData/phlock-cpinjyttjlysqxbujxukctiouojg/Build/Intermediates.noindex/phlock.build/Debug-iphonesimulator/phlock.build/Objects-normal/arm64/phlock-OutputFileMap.json -use-frontend-parseable-output -save-temps -no-color-diagnostics -explicit-module-build -module-cache-path /Users/woonlee/Library/Developer/Xcode/DerivedData/phlock-cpinjyttjlysqxbujxukctiouojg/Build/Intermediates.noindex/SwiftExplicitPrecompiledModules -clang-scanner-module-cache-path /Users/woonlee/Library/Developer/Xcode/DerivedData/ModuleCache.noindex -sdk-module-cache-path /Users/woonlee/Library/Developer/Xcode/DerivedData/ModuleCache.noindex -serialize-diagnostics -emit-dependencies -emit-module -emit-module-path /Users/woonlee/Library/Developer/Xcode/DerivedData/phlock-cpinjyttjlysqxbujxukctiouojg/Build/Intermediates.noindex/phlock.build/Debug-iphonesimulator/phlock.build/Objects-normal/arm64/phlock.swiftmodule -validate-clang-modules-once -clang-build-session-file /Users/woonlee/Library/Developer/Xcode/DerivedData/ModuleCache.noindex/Session.modulevalidation -Xcc -I/Users/woonlee/Library/Developer/Xcode/DerivedData/phlock-cpinjyttjlysqxbujxukctiouojg/Build/Intermediates.noindex/phlock.build/Debug-iphonesimulator/phlock.build/swift-overrides.hmap -emit-const-values -Xfrontend -const-gather-protocols-file -Xfrontend /Users/woonlee/Library/Developer/Xcode/DerivedData/phlock-cpinjyttjlysqxbujxukctiouojg/Build/Intermediates.noindex/phlock.build/Debug-iphonesimulator/phlock.build/Objects-normal/arm64/phlock_const_extract_protocols.json -Xcc -iquote -Xcc /Users/woonlee/Library/Developer/Xcode/DerivedData/phlock-cpinjyttjlysqxbujxukctiouojg/Build/Intermediates.noindex/phlock.build/Debug-iphonesimulator/phlock.build/phlock-generated-files.hmap -Xcc -I/Users/woonlee/Library/Developer/Xcode/DerivedData/phlock-cpinjyttjlysqxbujxukctiouojg/Build/Intermediates.noindex/phlock.build/Debug-iphonesimulator/phlock.build/phlock-own-target-headers.hmap -Xcc -I/Users/woonlee/Library/Developer/Xcode/DerivedData/phlock-cpinjyttjlysqxbujxukctiouojg/Build/Intermediates.noindex/phlock.build/Debug-iphonesimulator/phlock.build/phlock-all-non-framework-target-headers.hmap -Xcc -ivfsoverlay -Xcc /Users/woonlee/Library/Developer/Xcode/DerivedData/phlock-cpinjyttjlysqxbujxukctiouojg/Build/Intermediates.noindex/phlock.build/Debug-iphonesimulator/phlock-807633917bee8abd1333497eec9e5ab5-VFS-iphonesimulator/all-product-headers.yaml -Xcc -iquote -Xcc /Users/woonlee/Library/Developer/Xcode/DerivedData/phlock-cpinjyttjlysqxbujxukctiouojg/Build/Intermediates.noindex/phlock.build/Debug-iphonesimulator/phlock.build/phlock-project-headers.hmap -Xcc -I/Users/woonlee/Library/Developer/Xcode/DerivedData/phlock-cpinjyttjlysqxbujxukctiouojg/SourcePackages/checkouts/AppAuth-iOS/Sources/AppAuth -Xcc -I/Users/woonlee/Library/Developer/Xcode/DerivedData/phlock-cpinjyttjlysqxbujxukctiouojg/SourcePackages/checkouts/AppAuth-iOS/Sources/AppAuthCore -Xcc -I/Users/woonlee/Library/Developer/Xcode/DerivedData/phlock-cpinjyttjlysqxbujxukctiouojg/SourcePackages/checkouts/promises/Sources/FBLPromises/include -Xcc -I/Users/woonlee/Library/Developer/Xcode/DerivedData/phlock-cpinjyttjlysqxbujxukctiouojg/SourcePackages/checkouts/GoogleUtilities/GoogleUtilities/Logger/Public -Xcc -I/Users/woonlee/Library/Developer/Xcode/DerivedData/phlock-cpinjyttjlysqxbujxukctiouojg/SourcePackages/checkouts/GoogleUtilities/GoogleUtilities/Environment/Public -Xcc -I/Users/woonlee/Library/Developer/Xcode/DerivedData/phlock-cpinjyttjlysqxbujxukctiouojg/SourcePackages/checkouts/GoogleUtilities/third_party/IsAppEncrypted/Public -Xcc -I/Users/woonlee/Library/Developer/Xcode/DerivedData/phlock-cpinjyttjlysqxbujxukctiouojg/SourcePackages/checkouts/GoogleUtilities/GoogleUtilities/UserDefaults/Public -Xcc -I/Users/woonlee/Library/Developer/Xcode/DerivedData/phlock-cpinjyttjlysqxbujxukctiouojg/SourcePackages/checkouts/app-check/AppCheckCore/Sources/Public -Xcc -I/Users/woonlee/Library/Developer/Xcode/DerivedData/phlock-cpinjyttjlysqxbujxukctiouojg/SourcePackages/checkouts/gtm-session-fetcher/Sources/Core/Public -Xcc -I/Users/woonlee/Library/Developer/Xcode/DerivedData/phlock-cpinjyttjlysqxbujxukctiouojg/SourcePackages/checkouts/GoogleSignIn-iOS/GoogleSignIn/Sources/Public -Xcc -I/Users/woonlee/Library/Developer/Xcode/DerivedData/phlock-cpinjyttjlysqxbujxukctiouojg/Build/Products/Debug-iphonesimulator/include -Xcc -I/Users/woonlee/Library/Developer/Xcode/DerivedData/phlock-cpinjyttjlysqxbujxukctiouojg/Build/Intermediates.noindex/phlock.build/Debug-iphonesimulator/phlock.build/DerivedSources-normal/arm64 -Xcc -I/Users/woonlee/Library/Developer/Xcode/DerivedData/phlock-cpinjyttjlysqxbujxukctiouojg/Build/Intermediates.noindex/phlock.build/Debug-iphonesimulator/phlock.build/DerivedSources/arm64 -Xcc -I/Users/woonlee/Library/Developer/Xcode/DerivedData/phlock-cpinjyttjlysqxbujxukctiouojg/Build/Intermediates.noindex/phlock.build/Debug-iphonesimulator/phlock.build/DerivedSources -Xcc -DDEBUG\=1 -emit-objc-header -emit-objc-header-path /Users/woonlee/Library/Developer/Xcode/DerivedData/phlock-cpinjyttjlysqxbujxukctiouojg/Build/Intermediates.noindex/phlock.build/Debug-iphonesimulator/phlock.build/Objects-normal/arm64/phlock-Swift.h -working-directory /Users/woonlee/Desktop/Phlock/phlock-dev/apps/ios/phlock -experimental-emit-module-separately -disable-cmo

CopySwiftLibs /Users/woonlee/Library/Developer/Xcode/DerivedData/phlock-cpinjyttjlysqxbujxukctiouojg/Build/Products/Debug-iphonesimulator/phlock.app (in target 'phlock' from project 'phlock')
    cd /Users/woonlee/Desktop/Phlock/phlock-dev/apps/ios/phlock
    builtin-swiftStdLibTool --copy --verbose --sign - --scan-executable /Users/woonlee/Library/Developer/Xcode/DerivedData/phlock-cpinjyttjlysqxbujxukctiouojg/Build/Products/Debug-iphonesimulator/phlock.app/phlock.debug.dylib --scan-folder /Users/woonlee/Library/Developer/Xcode/DerivedData/phlock-cpinjyttjlysqxbujxukctiouojg/Build/Products/Debug-iphonesimulator/phlock.app/Frameworks --scan-folder /Users/woonlee/Library/Developer/Xcode/DerivedData/phlock-cpinjyttjlysqxbujxukctiouojg/Build/Products/Debug-iphonesimulator/phlock.app/PlugIns --scan-folder /Users/woonlee/Library/Developer/Xcode/DerivedData/phlock-cpinjyttjlysqxbujxukctiouojg/Build/Products/Debug-iphonesimulator/phlock.app/SystemExtensions --scan-folder /Users/woonlee/Library/Developer/Xcode/DerivedData/phlock-cpinjyttjlysqxbujxukctiouojg/Build/Products/Debug-iphonesimulator/phlock.app/Extensions --platform iphonesimulator --toolchain /Applications/Xcode.app/Contents/Developer/Toolchains/XcodeDefault.xctoolchain --destination /Users/woonlee/Library/Developer/Xcode/DerivedData/phlock-cpinjyttjlysqxbujxukctiouojg/Build/Products/Debug-iphonesimulator/phlock.app/Frameworks --strip-bitcode --strip-bitcode-tool /Applications/Xcode.app/Contents/Developer/Toolchains/XcodeDefault.xctoolchain/usr/bin/bitcode_strip --emit-dependency-info /Users/woonlee/Library/Developer/Xcode/DerivedData/phlock-cpinjyttjlysqxbujxukctiouojg/Build/Intermediates.noindex/phlock.build/Debug-iphonesimulator/phlock.build/SwiftStdLibToolInputDependencies.dep --filter-for-swift-os

ExtractAppIntentsMetadata (in target 'phlock' from project 'phlock')
    cd /Users/woonlee/Desktop/Phlock/phlock-dev/apps/ios/phlock
    /Applications/Xcode.app/Contents/Developer/Toolchains/XcodeDefault.xctoolchain/usr/bin/appintentsmetadataprocessor --toolchain-dir /Applications/Xcode.app/Contents/Developer/Toolchains/XcodeDefault.xctoolchain --module-name phlock --sdk-root /Applications/Xcode.app/Contents/Developer/Platforms/iPhoneSimulator.platform/Developer/SDKs/iPhoneSimulator26.0.sdk --xcode-version 17A400 --platform-family iOS --deployment-target 16.0 --bundle-identifier com.phlock.phlock --output /Users/woonlee/Library/Developer/Xcode/DerivedData/phlock-cpinjyttjlysqxbujxukctiouojg/Build/Products/Debug-iphonesimulator/phlock.app --target-triple arm64-apple-ios16.0-simulator --binary-file /Users/woonlee/Library/Developer/Xcode/DerivedData/phlock-cpinjyttjlysqxbujxukctiouojg/Build/Products/Debug-iphonesimulator/phlock.app/phlock --dependency-file /Users/woonlee/Library/Developer/Xcode/DerivedData/phlock-cpinjyttjlysqxbujxukctiouojg/Build/Intermediates.noindex/phlock.build/Debug-iphonesimulator/phlock.build/Objects-normal/arm64/phlock_dependency_info.dat --stringsdata-file /Users/woonlee/Library/Developer/Xcode/DerivedData/phlock-cpinjyttjlysqxbujxukctiouojg/Build/Intermediates.noindex/phlock.build/Debug-iphonesimulator/phlock.build/Objects-normal/arm64/ExtractedAppShortcutsMetadata.stringsdata --source-file-list /Users/woonlee/Library/Developer/Xcode/DerivedData/phlock-cpinjyttjlysqxbujxukctiouojg/Build/Intermediates.noindex/phlock.build/Debug-iphonesimulator/phlock.build/Objects-normal/arm64/phlock.SwiftFileList --metadata-file-list /Users/woonlee/Library/Developer/Xcode/DerivedData/phlock-cpinjyttjlysqxbujxukctiouojg/Build/Intermediates.noindex/phlock.build/Debug-iphonesimulator/phlock.build/phlock.DependencyMetadataFileList --static-metadata-file-list /Users/woonlee/Library/Developer/Xcode/DerivedData/phlock-cpinjyttjlysqxbujxukctiouojg/Build/Intermediates.noindex/phlock.build/Debug-iphonesimulator/phlock.build/phlock.DependencyStaticMetadataFileList --swift-const-vals-list /Users/woonlee/Library/Developer/Xcode/DerivedData/phlock-cpinjyttjlysqxbujxukctiouojg/Build/Intermediates.noindex/phlock.build/Debug-iphonesimulator/phlock.build/Objects-normal/arm64/phlock.SwiftConstValuesFileList --compile-time-extraction --deployment-aware-processing --validate-assistant-intents --no-app-shortcuts-localization
2025-11-29 04:20:22.081 appintentsmetadataprocessor[57441:6911959] Starting appintentsmetadataprocessor export
2025-11-29 04:20:22.084 appintentsmetadataprocessor[57441:6911959] warning: Metadata extraction skipped. No AppIntents.framework dependency found.

** BUILD SUCCEEDED **

